<?xml version="1.0" encoding="UTF-8"?>
<coverage generated="1784369091569" clover="3.2.0">
  <project timestamp="1784369091569" name="All files">
    <metrics statements="66" coveredstatements="65" conditionals="25" coveredconditionals="24" methods="25" coveredmethods="25" elements="116" coveredelements="114" complexity="0" loc="66" ncloc="66" packages="2" files="10" classes="10"/>
    <package name="src">
      <metrics statements="36" coveredstatements="35" conditionals="19" coveredconditionals="18" methods="10" coveredmethods="10"/>
      <file name="App.tsx" path="/Users/islomboynazarov/Desktop/epam-short-track-tasks/class-components/src/App.tsx">
        <metrics statements="21" coveredstatements="21" conditionals="15" coveredconditionals="14" methods="6" coveredmethods="6"/>
        <line num="10" count="1" type="stmt"/>
        <line num="14" count="8" type="stmt"/>
        <line num="15" count="8" type="stmt"/>
        <line num="24" count="8" type="stmt"/>
        <line num="27" count="9" type="stmt"/>
        <line num="28" count="9" type="stmt"/>
        <line num="29" count="9" type="stmt"/>
        <line num="30" count="9" type="cond" truecount="2" falsecount="0"/>
        <line num="31" count="3" type="stmt"/>
        <line num="32" count="3" type="stmt"/>
        <line num="34" count="6" type="stmt"/>
        <line num="35" count="5" type="stmt"/>
        <line num="38" count="1" type="cond" truecount="1" falsecount="1"/>
        <line num="39" count="1" type="stmt"/>
        <line num="43" count="2" type="stmt"/>
        <line num="44" count="2" type="cond" truecount="2" falsecount="0"/>
        <line num="45" count="1" type="stmt"/>
        <line num="46" count="1" type="stmt"/>
        <line num="47" count="1" type="stmt"/>
        <line num="52" count="24" type="stmt"/>
        <line num="54" count="24" type="stmt"/>
      </file>
      <file name="api.ts" path="/Users/islomboynazarov/Desktop/epam-short-track-tasks/class-components/src/api.ts">
        <metrics statements="14" coveredstatements="14" conditionals="4" coveredconditionals="4" methods="4" coveredmethods="4"/>
        <line num="3" count="2" type="stmt"/>
        <line num="5" count="2" type="stmt"/>
        <line num="6" count="2" type="stmt"/>
        <line num="7" count="2" type="cond" truecount="2" falsecount="0"/>
        <line num="8" count="1" type="stmt"/>
        <line num="9" count="1" type="stmt"/>
        <line num="10" count="1" type="stmt"/>
        <line num="12" count="1" type="stmt"/>
        <line num="15" count="2" type="stmt"/>
        <line num="16" count="3" type="stmt"/>
        <line num="17" count="3" type="cond" truecount="2" falsecount="0"/>
        <line num="18" count="2" type="stmt"/>
        <line num="19" count="2" type="stmt"/>
        <line num="22" count="4" type="stmt"/>
      </file>
      <file name="main.tsx" path="/Users/islomboynazarov/Desktop/epam-short-track-tasks/class-components/src/main.tsx">
        <metrics statements="1" coveredstatements="0" conditionals="0" coveredconditionals="0" methods="0" coveredmethods="0"/>
        <line num="6" count="0" type="stmt"/>
      </file>
      <file name="types.ts" path="/Users/islomboynazarov/Desktop/epam-short-track-tasks/class-components/src/types.ts">
        <metrics statements="0" coveredstatements="0" conditionals="0" coveredconditionals="0" methods="0" coveredmethods="0"/>
      </file>
    </package>
    <package name="src.components">
      <metrics statements="30" coveredstatements="30" conditionals="6" coveredconditionals="6" methods="15" coveredmethods="15"/>
      <file name="Card.tsx" path="/Users/islomboynazarov/Desktop/epam-short-track-tasks/class-components/src/components/Card.tsx">
        <metrics statements="2" coveredstatements="2" conditionals="0" coveredconditionals="0" methods="1" coveredmethods="1"/>
        <line num="10" count="13" type="stmt"/>
        <line num="11" count="13" type="stmt"/>
      </file>
      <file name="CardList.tsx" path="/Users/islomboynazarov/Desktop/epam-short-track-tasks/class-components/src/components/CardList.tsx">
        <metrics statements="5" coveredstatements="5" conditionals="2" coveredconditionals="2" methods="2" coveredmethods="2"/>
        <line num="11" count="17" type="stmt"/>
        <line num="13" count="17" type="cond" truecount="2" falsecount="0"/>
        <line num="14" count="9" type="stmt"/>
        <line num="17" count="8" type="stmt"/>
        <line num="20" count="10" type="stmt"/>
      </file>
      <file name="ErrorBoundary.tsx" path="/Users/islomboynazarov/Desktop/epam-short-track-tasks/class-components/src/components/ErrorBoundary.tsx">
        <metrics statements="7" coveredstatements="7" conditionals="2" coveredconditionals="2" methods="4" coveredmethods="4"/>
        <line num="14" count="16" type="stmt"/>
        <line num="15" count="16" type="stmt"/>
        <line num="19" count="6" type="stmt"/>
        <line num="23" count="3" type="stmt"/>
        <line num="27" count="37" type="cond" truecount="2" falsecount="0"/>
        <line num="28" count="6" type="stmt"/>
        <line num="35" count="31" type="stmt"/>
      </file>
      <file name="ErrorButton.tsx" path="/Users/islomboynazarov/Desktop/epam-short-track-tasks/class-components/src/components/ErrorButton.tsx">
        <metrics statements="7" coveredstatements="7" conditionals="2" coveredconditionals="2" methods="3" coveredmethods="3"/>
        <line num="9" count="11" type="stmt"/>
        <line num="10" count="11" type="stmt"/>
        <line num="13" count="1" type="stmt"/>
        <line num="14" count="1" type="stmt"/>
        <line num="18" count="28" type="cond" truecount="2" falsecount="0"/>
        <line num="19" count="2" type="stmt"/>
        <line num="21" count="26" type="stmt"/>
      </file>
      <file name="Search.tsx" path="/Users/islomboynazarov/Desktop/epam-short-track-tasks/class-components/src/components/Search.tsx">
        <metrics statements="8" coveredstatements="8" conditionals="0" coveredconditionals="0" methods="4" coveredmethods="4"/>
        <line num="14" count="14" type="stmt"/>
        <line num="15" count="14" type="stmt"/>
        <line num="20" count="28" type="stmt"/>
        <line num="21" count="28" type="stmt"/>
        <line num="24" count="4" type="stmt"/>
        <line num="25" count="4" type="stmt"/>
        <line num="26" count="4" type="stmt"/>
        <line num="30" count="58" type="stmt"/>
      </file>
      <file name="Spinner.tsx" path="/Users/islomboynazarov/Desktop/epam-short-track-tasks/class-components/src/components/Spinner.tsx">
        <metrics statements="1" coveredstatements="1" conditionals="0" coveredconditionals="0" methods="1" coveredmethods="1"/>
        <line num="5" count="10" type="stmt"/>
      </file>
    </package>
  </project>
</coverage>
