<?xml version="1.0" encoding="UTF-8"?>
<coverage generated="1785406850067" clover="3.2.0">
  <project timestamp="1785406850067" name="All files">
    <metrics statements="157" coveredstatements="146" conditionals="60" coveredconditionals="53" methods="62" coveredmethods="56" elements="279" coveredelements="255" complexity="0" loc="157" ncloc="157" packages="6" files="20" classes="20"/>
    <package name="src">
      <metrics statements="23" coveredstatements="16" conditionals="6" coveredconditionals="4" methods="8" coveredmethods="5"/>
      <file name="App.tsx" path="/Users/islomboynazarov/Desktop/epam-short-track-tasks/class-components/src/App.tsx">
        <metrics statements="1" coveredstatements="1" conditionals="0" coveredconditionals="0" methods="1" coveredmethods="1"/>
        <line num="114" count="8" type="stmt"/>
      </file>
      <file name="api.ts" path="/Users/islomboynazarov/Desktop/epam-short-track-tasks/class-components/src/api.ts">
        <metrics statements="21" coveredstatements="15" conditionals="6" coveredconditionals="4" methods="7" coveredmethods="4"/>
        <line num="3" count="3" type="stmt"/>
        <line num="5" count="3" type="stmt"/>
        <line num="6" count="2" type="stmt"/>
        <line num="7" count="2" type="cond" truecount="2" falsecount="0"/>
        <line num="8" count="1" type="stmt"/>
        <line num="9" count="1" type="stmt"/>
        <line num="10" count="1" type="stmt"/>
        <line num="12" count="1" type="stmt"/>
        <line num="15" count="3" type="stmt"/>
        <line num="16" count="3" type="stmt"/>
        <line num="17" count="3" type="cond" truecount="2" falsecount="0"/>
        <line num="18" count="2" type="stmt"/>
        <line num="19" count="2" type="stmt"/>
        <line num="22" count="4" type="stmt"/>
        <line num="29" count="3" type="stmt"/>
        <line num="30" count="0" type="stmt"/>
        <line num="31" count="0" type="cond" truecount="0" falsecount="2"/>
        <line num="32" count="0" type="stmt"/>
        <line num="33" count="0" type="stmt"/>
        <line num="38" count="0" type="stmt"/>
        <line num="39" count="0" type="stmt"/>
      </file>
      <file name="main.tsx" path="/Users/islomboynazarov/Desktop/epam-short-track-tasks/class-components/src/main.tsx">
        <metrics statements="1" coveredstatements="0" conditionals="0" coveredconditionals="0" methods="0" coveredmethods="0"/>
        <line num="6" count="0" type="stmt"/>
      </file>
      <file name="types.ts" path="/Users/islomboynazarov/Desktop/epam-short-track-tasks/class-components/src/types.ts">
        <metrics statements="0" coveredstatements="0" conditionals="0" coveredconditionals="0" methods="0" coveredmethods="0"/>
      </file>
    </package>
    <package name="src.components">
      <metrics statements="71" coveredstatements="71" conditionals="23" coveredconditionals="22" methods="31" coveredmethods="31"/>
      <file name="Card.tsx" path="/Users/islomboynazarov/Desktop/epam-short-track-tasks/class-components/src/components/Card.tsx">
        <metrics statements="8" coveredstatements="8" conditionals="2" coveredconditionals="2" methods="5" coveredmethods="5"/>
        <line num="60" count="18" type="stmt"/>
        <line num="61" count="18" type="stmt"/>
        <line num="63" count="18" type="stmt"/>
        <line num="64" count="1" type="stmt"/>
        <line num="65" count="1" type="stmt"/>
        <line num="68" count="18" type="stmt"/>
        <line num="70" count="1" type="stmt"/>
        <line num="84" count="1" type="stmt"/>
      </file>
      <file name="CardList.tsx" path="/Users/islomboynazarov/Desktop/epam-short-track-tasks/class-components/src/components/CardList.tsx">
        <metrics statements="4" coveredstatements="4" conditionals="2" coveredconditionals="2" methods="2" coveredmethods="2"/>
        <line num="38" count="17" type="cond" truecount="2" falsecount="0"/>
        <line num="39" count="9" type="stmt"/>
        <line num="42" count="8" type="stmt"/>
        <line num="45" count="10" type="stmt"/>
      </file>
      <file name="DetailPanel.tsx" path="/Users/islomboynazarov/Desktop/epam-short-track-tasks/class-components/src/components/DetailPanel.tsx">
        <metrics statements="19" coveredstatements="19" conditionals="11" coveredconditionals="11" methods="5" coveredmethods="5"/>
        <line num="8" count="15" type="stmt"/>
        <line num="9" count="15" type="stmt"/>
        <line num="10" count="15" type="stmt"/>
        <line num="11" count="15" type="stmt"/>
        <line num="13" count="15" type="stmt"/>
        <line num="15" count="15" type="stmt"/>
        <line num="16" count="7" type="cond" truecount="2" falsecount="0"/>
        <line num="17" count="5" type="stmt"/>
        <line num="18" count="5" type="stmt"/>
        <line num="19" count="5" type="stmt"/>
        <line num="21" count="4" type="stmt"/>
        <line num="22" count="4" type="stmt"/>
        <line num="25" count="1" type="stmt"/>
        <line num="26" count="1" type="stmt"/>
        <line num="30" count="15" type="stmt"/>
        <line num="31" count="1" type="stmt"/>
        <line num="32" count="1" type="stmt"/>
        <line num="35" count="15" type="cond" truecount="2" falsecount="0"/>
        <line num="37" count="13" type="stmt"/>
      </file>
      <file name="ErrorBoundary.tsx" path="/Users/islomboynazarov/Desktop/epam-short-track-tasks/class-components/src/components/ErrorBoundary.tsx">
        <metrics statements="7" coveredstatements="7" conditionals="2" coveredconditionals="2" methods="4" coveredmethods="4"/>
        <line num="14" count="16" type="stmt"/>
        <line num="15" count="16" type="stmt"/>
        <line num="19" count="6" type="stmt"/>
        <line num="23" count="3" type="stmt"/>
        <line num="27" count="21" type="cond" truecount="2" falsecount="0"/>
        <line num="28" count="6" type="stmt"/>
        <line num="35" count="15" type="stmt"/>
      </file>
      <file name="ErrorButton.tsx" path="/Users/islomboynazarov/Desktop/epam-short-track-tasks/class-components/src/components/ErrorButton.tsx">
        <metrics statements="7" coveredstatements="7" conditionals="2" coveredconditionals="2" methods="3" coveredmethods="3"/>
        <line num="9" count="11" type="stmt"/>
        <line num="10" count="11" type="stmt"/>
        <line num="13" count="1" type="stmt"/>
        <line num="14" count="1" type="stmt"/>
        <line num="18" count="12" type="cond" truecount="2" falsecount="0"/>
        <line num="19" count="2" type="stmt"/>
        <line num="21" count="10" type="stmt"/>
      </file>
      <file name="Flyout.tsx" path="/Users/islomboynazarov/Desktop/epam-short-track-tasks/class-components/src/components/Flyout.tsx">
        <metrics statements="14" coveredstatements="14" conditionals="2" coveredconditionals="2" methods="4" coveredmethods="4"/>
        <line num="4" count="15" type="stmt"/>
        <line num="6" count="15" type="stmt"/>
        <line num="7" count="1" type="stmt"/>
        <line num="8" count="1" type="stmt"/>
        <line num="13" count="2" type="stmt"/>
        <line num="14" count="1" type="stmt"/>
        <line num="15" count="1" type="stmt"/>
        <line num="16" count="1" type="stmt"/>
        <line num="17" count="1" type="stmt"/>
        <line num="18" count="1" type="stmt"/>
        <line num="19" count="1" type="stmt"/>
        <line num="20" count="1" type="stmt"/>
        <line num="23" count="15" type="cond" truecount="2" falsecount="0"/>
        <line num="25" count="5" type="stmt"/>
      </file>
      <file name="Navigation.tsx" path="/Users/islomboynazarov/Desktop/epam-short-track-tasks/class-components/src/components/Navigation.tsx">
        <metrics statements="2" coveredstatements="2" conditionals="2" coveredconditionals="1" methods="1" coveredmethods="1"/>
        <line num="18" count="8" type="stmt"/>
        <line num="20" count="8" type="stmt"/>
      </file>
      <file name="Pagination.tsx" path="/Users/islomboynazarov/Desktop/epam-short-track-tasks/class-components/src/components/Pagination.tsx">
        <metrics statements="3" coveredstatements="3" conditionals="0" coveredconditionals="0" methods="3" coveredmethods="3"/>
        <line num="8" count="20" type="stmt"/>
        <line num="11" count="1" type="stmt"/>
        <line num="21" count="1" type="stmt"/>
      </file>
      <file name="Search.tsx" path="/Users/islomboynazarov/Desktop/epam-short-track-tasks/class-components/src/components/Search.tsx">
        <metrics statements="6" coveredstatements="6" conditionals="0" coveredconditionals="0" methods="3" coveredmethods="3"/>
        <line num="60" count="59" type="stmt"/>
        <line num="62" count="59" type="stmt"/>
        <line num="63" count="4" type="stmt"/>
        <line num="64" count="4" type="stmt"/>
        <line num="67" count="59" type="stmt"/>
        <line num="72" count="28" type="stmt"/>
      </file>
      <file name="Spinner.tsx" path="/Users/islomboynazarov/Desktop/epam-short-track-tasks/class-components/src/components/Spinner.tsx">
        <metrics statements="1" coveredstatements="1" conditionals="0" coveredconditionals="0" methods="1" coveredmethods="1"/>
        <line num="16" count="16" type="stmt"/>
      </file>
    </package>
    <package name="src.context">
      <metrics statements="6" coveredstatements="6" conditionals="6" coveredconditionals="6" methods="5" coveredmethods="4"/>
      <file name="ThemeContext.tsx" path="/Users/islomboynazarov/Desktop/epam-short-track-tasks/class-components/src/context/ThemeContext.tsx">
        <metrics statements="6" coveredstatements="6" conditionals="6" coveredconditionals="6" methods="5" coveredmethods="4"/>
        <line num="8" count="2" type="stmt"/>
        <line num="14" count="14" type="stmt"/>
        <line num="16" count="14" type="stmt"/>
        <line num="17" count="3" type="cond" truecount="2" falsecount="0"/>
        <line num="20" count="14" type="stmt"/>
        <line num="36" count="14" type="stmt"/>
      </file>
    </package>
    <package name="src.hooks">
      <metrics statements="6" coveredstatements="6" conditionals="2" coveredconditionals="2" methods="3" coveredmethods="3"/>
      <file name="useLocalStorage.ts" path="/Users/islomboynazarov/Desktop/epam-short-track-tasks/class-components/src/hooks/useLocalStorage.ts">
        <metrics statements="6" coveredstatements="6" conditionals="2" coveredconditionals="2" methods="3" coveredmethods="3"/>
        <line num="4" count="25" type="stmt"/>
        <line num="5" count="8" type="cond" truecount="2" falsecount="0"/>
        <line num="8" count="25" type="stmt"/>
        <line num="9" count="1" type="stmt"/>
        <line num="10" count="1" type="stmt"/>
        <line num="13" count="25" type="stmt"/>
      </file>
    </package>
    <package name="src.pages">
      <metrics statements="43" coveredstatements="39" conditionals="21" coveredconditionals="17" methods="9" coveredmethods="7"/>
      <file name="AboutPage.tsx" path="/Users/islomboynazarov/Desktop/epam-short-track-tasks/class-components/src/pages/AboutPage.tsx">
        <metrics statements="1" coveredstatements="1" conditionals="0" coveredconditionals="0" methods="1" coveredmethods="1"/>
        <line num="2" count="3" type="stmt"/>
      </file>
      <file name="MainPage.tsx" path="/Users/islomboynazarov/Desktop/epam-short-track-tasks/class-components/src/pages/MainPage.tsx">
        <metrics statements="41" coveredstatements="37" conditionals="21" coveredconditionals="17" methods="7" coveredmethods="5"/>
        <line num="13" count="25" type="stmt"/>
        <line num="14" count="25" type="stmt"/>
        <line num="15" count="25" type="stmt"/>
        <line num="16" count="25" type="stmt"/>
        <line num="17" count="25" type="stmt"/>
        <line num="18" count="25" type="stmt"/>
        <line num="20" count="25" type="cond" truecount="2" falsecount="0"/>
        <line num="21" count="25" type="stmt"/>
        <line num="23" count="25" type="stmt"/>
        <line num="24" count="9" type="stmt"/>
        <line num="27" count="25" type="stmt"/>
        <line num="28" count="9" type="stmt"/>
        <line num="29" count="9" type="stmt"/>
        <line num="30" count="9" type="stmt"/>
        <line num="31" count="9" type="cond" truecount="2" falsecount="0"/>
        <line num="32" count="3" type="stmt"/>
        <line num="33" count="3" type="stmt"/>
        <line num="34" count="3" type="stmt"/>
        <line num="36" count="6" type="stmt"/>
        <line num="37" count="6" type="stmt"/>
        <line num="38" count="6" type="stmt"/>
        <line num="41" count="6" type="cond" truecount="2" falsecount="0"/>
        <line num="42" count="5" type="stmt"/>
        <line num="43" count="5" type="stmt"/>
        <line num="44" count="5" type="stmt"/>
        <line num="45" count="5" type="stmt"/>
        <line num="47" count="5" type="stmt"/>
        <line num="50" count="1" type="cond" truecount="1" falsecount="1"/>
        <line num="51" count="1" type="stmt"/>
        <line num="53" count="9" type="stmt"/>
        <line num="57" count="25" type="stmt"/>
        <line num="58" count="2" type="cond" truecount="2" falsecount="0"/>
        <line num="59" count="1" type="stmt"/>
        <line num="60" count="1" type="stmt"/>
        <line num="63" count="25" type="stmt"/>
        <line num="64" count="0" type="stmt"/>
        <line num="65" count="0" type="cond" truecount="0" falsecount="2"/>
        <line num="66" count="0" type="stmt"/>
        <line num="69" count="25" type="stmt"/>
        <line num="70" count="0" type="stmt"/>
        <line num="73" count="25" type="stmt"/>
      </file>
      <file name="NotFoundPage.tsx" path="/Users/islomboynazarov/Desktop/epam-short-track-tasks/class-components/src/pages/NotFoundPage.tsx">
        <metrics statements="1" coveredstatements="1" conditionals="0" coveredconditionals="0" methods="1" coveredmethods="1"/>
        <line num="4" count="3" type="stmt"/>
      </file>
    </package>
    <package name="src.store">
      <metrics statements="8" coveredstatements="8" conditionals="2" coveredconditionals="2" methods="6" coveredmethods="6"/>
      <file name="selectedStore.ts" path="/Users/islomboynazarov/Desktop/epam-short-track-tasks/class-components/src/store/selectedStore.ts">
        <metrics statements="8" coveredstatements="8" conditionals="2" coveredconditionals="2" methods="6" coveredmethods="6"/>
        <line num="10" count="5" type="stmt"/>
        <line num="13" count="8" type="stmt"/>
        <line num="14" count="8" type="stmt"/>
        <line num="15" count="8" type="cond" truecount="2" falsecount="0"/>
        <line num="16" count="1" type="stmt"/>
        <line num="17" count="1" type="stmt"/>
        <line num="20" count="7" type="stmt"/>
        <line num="22" count="2" type="stmt"/>
      </file>
    </package>
  </project>
</coverage>
