{"/Users/islomboynazarov/Desktop/epam-short-track-tasks/class-components/src/App.tsx": {"path":"/Users/islomboynazarov/Desktop/epam-short-track-tasks/class-components/src/App.tsx","statementMap":{"0":{"start":{"line":146,"column":20},"end":{"line":153,"column":null}},"1":{"start":{"line":156,"column":2},"end":{"line":172,"column":null}}},"fnMap":{"0":{"name":"App","decl":{"start":{"line":155,"column":9},"end":{"line":155,"column":15}},"loc":{"start":{"line":155,"column":15},"end":{"line":174,"column":null}},"line":155}},"branchMap":{"0":{"loc":{"start":{"line":149,"column":17},"end":{"line":149,"column":null}},"type":"binary-expr","locations":[{"start":{"line":149,"column":17},"end":{"line":149,"column":59}},{"start":{"line":149,"column":59},"end":{"line":149,"column":null}}],"line":149}},"s":{"0":1,"1":7},"f":{"0":7},"b":{"0":[1,1]},"meta":{"lastBranch":1,"lastFunction":1,"lastStatement":2,"seen":{"s:146:20:153:Infinity":0,"b:149:17:149:59:149:59:149:Infinity":0,"f:155:9:155:15":0,"s:156:2:172:Infinity":1},"fnNames":{}}}
,"/Users/islomboynazarov/Desktop/epam-short-track-tasks/class-components/src/api.ts": {"path":"/Users/islomboynazarov/Desktop/epam-short-track-tasks/class-components/src/api.ts","statementMap":{"0":{"start":{"line":3,"column":17},"end":{"line":3,"column":null}},"1":{"start":{"line":5,"column":32},"end":{"line":13,"column":null}},"2":{"start":{"line":6,"column":19},"end":{"line":6,"column":null}},"3":{"start":{"line":7,"column":2},"end":{"line":7,"column":null}},"4":{"start":{"line":7,"column":20},"end":{"line":7,"column":null}},"5":{"start":{"line":8,"column":15},"end":{"line":8,"column":null}},"6":{"start":{"line":9,"column":18},"end":{"line":11,"column":null}},"7":{"start":{"line":10,"column":46},"end":{"line":10,"column":72}},"8":{"start":{"line":12,"column":2},"end":{"line":12,"column":null}},"9":{"start":{"line":15,"column":34},"end":{"line":27,"column":null}},"10":{"start":{"line":16,"column":19},"end":{"line":16,"column":null}},"11":{"start":{"line":17,"column":2},"end":{"line":17,"column":null}},"12":{"start":{"line":17,"column":20},"end":{"line":17,"column":null}},"13":{"start":{"line":18,"column":15},"end":{"line":18,"column":null}},"14":{"start":{"line":19,"column":2},"end":{"line":26,"column":null}},"15":{"start":{"line":22,"column":76},"end":{"line":22,"column":87}},"16":{"start":{"line":29,"column":32},"end":{"line":44,"column":null}},"17":{"start":{"line":30,"column":19},"end":{"line":30,"column":null}},"18":{"start":{"line":31,"column":2},"end":{"line":31,"column":null}},"19":{"start":{"line":31,"column":20},"end":{"line":31,"column":null}},"20":{"start":{"line":32,"column":15},"end":{"line":32,"column":null}},"21":{"start":{"line":33,"column":2},"end":{"line":43,"column":null}},"22":{"start":{"line":38,"column":61},"end":{"line":38,"column":72}},"23":{"start":{"line":39,"column":72},"end":{"line":39,"column":86}}},"fnMap":{"0":{"name":"(anonymous_0)","decl":{"start":{"line":5,"column":32},"end":{"line":5,"column":71}},"loc":{"start":{"line":5,"column":71},"end":{"line":13,"column":null}},"line":5},"1":{"name":"(anonymous_1)","decl":{"start":{"line":10,"column":17},"end":{"line":10,"column":22}},"loc":{"start":{"line":10,"column":46},"end":{"line":10,"column":72}},"line":10},"2":{"name":"(anonymous_2)","decl":{"start":{"line":15,"column":34},"end":{"line":15,"column":41}},"loc":{"start":{"line":15,"column":83},"end":{"line":27,"column":null}},"line":15},"3":{"name":"(anonymous_3)","decl":{"start":{"line":22,"column":37},"end":{"line":22,"column":42}},"loc":{"start":{"line":22,"column":76},"end":{"line":22,"column":87}},"line":22},"4":{"name":"(anonymous_4)","decl":{"start":{"line":29,"column":32},"end":{"line":29,"column":39}},"loc":{"start":{"line":29,"column":82},"end":{"line":44,"column":null}},"line":29},"5":{"name":"(anonymous_5)","decl":{"start":{"line":38,"column":22},"end":{"line":38,"column":27}},"loc":{"start":{"line":38,"column":61},"end":{"line":38,"column":72}},"line":38},"6":{"name":"(anonymous_6)","decl":{"start":{"line":39,"column":30},"end":{"line":39,"column":35}},"loc":{"start":{"line":39,"column":72},"end":{"line":39,"column":86}},"line":39}},"branchMap":{"0":{"loc":{"start":{"line":7,"column":2},"end":{"line":7,"column":null}},"type":"if","locations":[{"start":{"line":7,"column":2},"end":{"line":7,"column":null}},{"start":{},"end":{}}],"line":7},"1":{"loc":{"start":{"line":17,"column":2},"end":{"line":17,"column":null}},"type":"if","locations":[{"start":{"line":17,"column":2},"end":{"line":17,"column":null}},{"start":{},"end":{}}],"line":17},"2":{"loc":{"start":{"line":31,"column":2},"end":{"line":31,"column":null}},"type":"if","locations":[{"start":{"line":31,"column":2},"end":{"line":31,"column":null}},{"start":{},"end":{}}],"line":31}},"s":{"0":3,"1":3,"2":2,"3":2,"4":1,"5":1,"6":1,"7":1,"8":1,"9":3,"10":3,"11":3,"12":1,"13":2,"14":2,"15":4,"16":3,"17":0,"18":0,"19":0,"20":0,"21":0,"22":0,"23":0},"f":{"0":2,"1":1,"2":3,"3":4,"4":0,"5":0,"6":0},"b":{"0":[1,1],"1":[1,2],"2":[0,0]},"meta":{"lastBranch":3,"lastFunction":7,"lastStatement":24,"seen":{"s:3:17:3:Infinity":0,"s:5:32:13:Infinity":1,"f:5:32:5:71":0,"s:6:19:6:Infinity":2,"b:7:2:7:Infinity:undefined:undefined:undefined:undefined":0,"s:7:2:7:Infinity":3,"s:7:20:7:Infinity":4,"s:8:15:8:Infinity":5,"s:9:18:11:Infinity":6,"f:10:17:10:22":1,"s:10:46:10:72":7,"s:12:2:12:Infinity":8,"s:15:34:27:Infinity":9,"f:15:34:15:41":2,"s:16:19:16:Infinity":10,"b:17:2:17:Infinity:undefined:undefined:undefined:undefined":1,"s:17:2:17:Infinity":11,"s:17:20:17:Infinity":12,"s:18:15:18:Infinity":13,"s:19:2:26:Infinity":14,"f:22:37:22:42":3,"s:22:76:22:87":15,"s:29:32:44:Infinity":16,"f:29:32:29:39":4,"s:30:19:30:Infinity":17,"b:31:2:31:Infinity:undefined:undefined:undefined:undefined":2,"s:31:2:31:Infinity":18,"s:31:20:31:Infinity":19,"s:32:15:32:Infinity":20,"s:33:2:43:Infinity":21,"f:38:22:38:27":5,"s:38:61:38:72":22,"f:39:30:39:35":6,"s:39:72:39:86":23},"fnNames":{}}}
,"/Users/islomboynazarov/Desktop/epam-short-track-tasks/class-components/src/main.tsx": {"path":"/Users/islomboynazarov/Desktop/epam-short-track-tasks/class-components/src/main.tsx","statementMap":{"0":{"start":{"line":6,"column":0},"end":{"line":10,"column":null}}},"fnMap":{},"branchMap":{},"s":{"0":0},"f":{},"b":{},"meta":{"lastBranch":0,"lastFunction":0,"lastStatement":1,"seen":{"s:6:0:10:Infinity":0},"fnNames":{}}}
,"/Users/islomboynazarov/Desktop/epam-short-track-tasks/class-components/src/types.ts": {"path":"/Users/islomboynazarov/Desktop/epam-short-track-tasks/class-components/src/types.ts","statementMap":{},"fnMap":{},"branchMap":{},"s":{},"f":{},"b":{},"meta":{"lastBranch":0,"lastFunction":0,"lastStatement":0,"seen":{},"fnNames":{}}}
,"/Users/islomboynazarov/Desktop/epam-short-track-tasks/class-components/src/components/Card.tsx": {"path":"/Users/islomboynazarov/Desktop/epam-short-track-tasks/class-components/src/components/Card.tsx","statementMap":{"0":{"start":{"line":60,"column":40},"end":{"line":60,"column":57}},"1":{"start":{"line":61,"column":21},"end":{"line":61,"column":null}},"2":{"start":{"line":61,"column":47},"end":{"line":61,"column":66}},"3":{"start":{"line":63,"column":8},"end":{"line":66,"column":null}},"4":{"start":{"line":64,"column":4},"end":{"line":64,"column":null}},"5":{"start":{"line":65,"column":4},"end":{"line":65,"column":null}},"6":{"start":{"line":68,"column":2},"end":{"line":90,"column":null}},"7":{"start":{"line":70,"column":21},"end":{"line":70,"column":null}},"8":{"start":{"line":84,"column":24},"end":{"line":84,"column":null}}},"fnMap":{"0":{"name":"Card","decl":{"start":{"line":59,"column":9},"end":{"line":59,"column":14}},"loc":{"start":{"line":59,"column":47},"end":{"line":92,"column":null}},"line":59},"1":{"name":"(anonymous_1)","decl":{"start":{"line":61,"column":35},"end":{"line":61,"column":41}},"loc":{"start":{"line":61,"column":47},"end":{"line":61,"column":66}},"line":61},"2":{"name":"(anonymous_2)","decl":{"start":{"line":63,"column":8},"end":{"line":63,"column":26}},"loc":{"start":{"line":63,"column":69},"end":{"line":66,"column":null}},"line":63},"3":{"name":"(anonymous_3)","decl":{"start":{"line":70,"column":6},"end":{"line":70,"column":21}},"loc":{"start":{"line":70,"column":21},"end":{"line":70,"column":null}},"line":70},"4":{"name":"(anonymous_4)","decl":{"start":{"line":84,"column":8},"end":{"line":84,"column":18}},"loc":{"start":{"line":84,"column":24},"end":{"line":84,"column":null}},"line":84}},"branchMap":{"0":{"loc":{"start":{"line":72,"column":29},"end":{"line":72,"column":null}},"type":"cond-expr","locations":[{"start":{"line":72,"column":42},"end":{"line":72,"column":54}},{"start":{"line":72,"column":54},"end":{"line":72,"column":null}}],"line":72}},"s":{"0":18,"1":18,"2":2,"3":18,"4":1,"5":1,"6":18,"7":1,"8":1},"f":{"0":18,"1":2,"2":1,"3":1,"4":1},"b":{"0":[2,16]},"meta":{"lastBranch":1,"lastFunction":5,"lastStatement":9,"seen":{"f:59:9:59:14":0,"s:60:40:60:57":0,"s:61:21:61:Infinity":1,"f:61:35:61:41":1,"s:61:47:61:66":2,"s:63:8:66:Infinity":3,"f:63:8:63:26":2,"s:64:4:64:Infinity":4,"s:65:4:65:Infinity":5,"s:68:2:90:Infinity":6,"f:70:6:70:21":3,"s:70:21:70:Infinity":7,"b:72:42:72:54:72:54:72:Infinity":0,"f:84:8:84:18":4,"s:84:24:84:Infinity":8},"fnNames":{}}}
,"/Users/islomboynazarov/Desktop/epam-short-track-tasks/class-components/src/components/CardList.tsx": {"path":"/Users/islomboynazarov/Desktop/epam-short-track-tasks/class-components/src/components/CardList.tsx","statementMap":{"0":{"start":{"line":38,"column":2},"end":{"line":40,"column":null}},"1":{"start":{"line":39,"column":4},"end":{"line":39,"column":null}},"2":{"start":{"line":42,"column":2},"end":{"line":47,"column":null}},"3":{"start":{"line":45,"column":8},"end":{"line":45,"column":null}}},"fnMap":{"0":{"name":"CardList","decl":{"start":{"line":37,"column":9},"end":{"line":37,"column":18}},"loc":{"start":{"line":37,"column":60},"end":{"line":49,"column":null}},"line":37},"1":{"name":"(anonymous_1)","decl":{"start":{"line":44,"column":16},"end":{"line":44,"column":21}},"loc":{"start":{"line":45,"column":8},"end":{"line":45,"column":null}},"line":45}},"branchMap":{"0":{"loc":{"start":{"line":38,"column":2},"end":{"line":40,"column":null}},"type":"if","locations":[{"start":{"line":38,"column":2},"end":{"line":40,"column":null}},{"start":{},"end":{}}],"line":38}},"s":{"0":9,"1":1,"2":8,"3":10},"f":{"0":9,"1":10},"b":{"0":[1,8]},"meta":{"lastBranch":1,"lastFunction":2,"lastStatement":4,"seen":{"f:37:9:37:18":0,"b:38:2:40:Infinity:undefined:undefined:undefined:undefined":0,"s:38:2:40:Infinity":0,"s:39:4:39:Infinity":1,"s:42:2:47:Infinity":2,"f:44:16:44:21":1,"s:45:8:45:Infinity":3},"fnNames":{}}}
,"/Users/islomboynazarov/Desktop/epam-short-track-tasks/class-components/src/components/DetailPanel.tsx": {"path":"/Users/islomboynazarov/Desktop/epam-short-track-tasks/class-components/src/components/DetailPanel.tsx","statementMap":{"0":{"start":{"line":66,"column":42},"end":{"line":66,"column":58}},"1":{"start":{"line":67,"column":22},"end":{"line":67,"column":37}},"2":{"start":{"line":68,"column":20},"end":{"line":68,"column":null}},"3":{"start":{"line":70,"column":46},"end":{"line":74,"column":null}},"4":{"start":{"line":72,"column":19},"end":{"line":72,"column":null}},"5":{"start":{"line":76,"column":8},"end":{"line":79,"column":null}},"6":{"start":{"line":77,"column":4},"end":{"line":77,"column":null}},"7":{"start":{"line":78,"column":4},"end":{"line":78,"column":null}},"8":{"start":{"line":81,"column":8},"end":{"line":85,"column":null}},"9":{"start":{"line":82,"column":4},"end":{"line":84,"column":null}},"10":{"start":{"line":87,"column":2},"end":{"line":87,"column":null}},"11":{"start":{"line":87,"column":18},"end":{"line":87,"column":null}},"12":{"start":{"line":89,"column":2},"end":{"line":111,"column":null}}},"fnMap":{"0":{"name":"DetailPanel","decl":{"start":{"line":65,"column":9},"end":{"line":65,"column":23}},"loc":{"start":{"line":65,"column":23},"end":{"line":113,"column":null}},"line":65},"1":{"name":"(anonymous_1)","decl":{"start":{"line":72,"column":4},"end":{"line":72,"column":19}},"loc":{"start":{"line":72,"column":19},"end":{"line":72,"column":null}},"line":72},"2":{"name":"(anonymous_2)","decl":{"start":{"line":76,"column":8},"end":{"line":76,"column":28}},"loc":{"start":{"line":76,"column":28},"end":{"line":79,"column":null}},"line":76},"3":{"name":"(anonymous_3)","decl":{"start":{"line":81,"column":8},"end":{"line":81,"column":30}},"loc":{"start":{"line":81,"column":30},"end":{"line":85,"column":null}},"line":81}},"branchMap":{"0":{"loc":{"start":{"line":87,"column":2},"end":{"line":87,"column":null}},"type":"if","locations":[{"start":{"line":87,"column":2},"end":{"line":87,"column":null}},{"start":{},"end":{}}],"line":87},"1":{"loc":{"start":{"line":95,"column":7},"end":{"line":95,"column":null}},"type":"binary-expr","locations":[{"start":{"line":95,"column":7},"end":{"line":95,"column":20}},{"start":{"line":95,"column":20},"end":{"line":95,"column":null}}],"line":95},"2":{"loc":{"start":{"line":96,"column":7},"end":{"line":99,"column":null}},"type":"binary-expr","locations":[{"start":{"line":96,"column":7},"end":{"line":96,"column":null}},{"start":{"line":97,"column":8},"end":{"line":99,"column":null}}],"line":96},"3":{"loc":{"start":{"line":98,"column":11},"end":{"line":98,"column":null}},"type":"cond-expr","locations":[{"start":{"line":98,"column":36},"end":{"line":98,"column":52}},{"start":{"line":98,"column":52},"end":{"line":98,"column":null}}],"line":98},"4":{"loc":{"start":{"line":101,"column":7},"end":{"line":109,"column":null}},"type":"binary-expr","locations":[{"start":{"line":101,"column":7},"end":{"line":101,"column":18}},{"start":{"line":101,"column":18},"end":{"line":101,"column":null}},{"start":{"line":102,"column":8},"end":{"line":109,"column":null}}],"line":101}},"s":{"0":10,"1":10,"2":10,"3":10,"4":5,"5":10,"6":1,"7":1,"8":10,"9":0,"10":10,"11":2,"12":8},"f":{"0":10,"1":5,"2":1,"3":0},"b":{"0":[2,8],"1":[8,5],"2":[10,1],"3":[1,0],"4":[10,2,2]},"meta":{"lastBranch":5,"lastFunction":4,"lastStatement":13,"seen":{"f:65:9:65:23":0,"s:66:42:66:58":0,"s:67:22:67:37":1,"s:68:20:68:Infinity":2,"s:70:46:74:Infinity":3,"f:72:4:72:19":1,"s:72:19:72:Infinity":4,"s:76:8:79:Infinity":5,"f:76:8:76:28":2,"s:77:4:77:Infinity":6,"s:78:4:78:Infinity":7,"s:81:8:85:Infinity":8,"f:81:8:81:30":3,"s:82:4:84:Infinity":9,"b:87:2:87:Infinity:undefined:undefined:undefined:undefined":0,"s:87:2:87:Infinity":10,"s:87:18:87:Infinity":11,"s:89:2:111:Infinity":12,"b:95:7:95:20:95:20:95:Infinity":1,"b:96:7:96:Infinity:97:8:99:Infinity":2,"b:98:36:98:52:98:52:98:Infinity":3,"b:101:7:101:18:101:18:101:Infinity:102:8:109:Infinity":4},"fnNames":{}}}
,"/Users/islomboynazarov/Desktop/epam-short-track-tasks/class-components/src/components/ErrorBoundary.tsx": {"path":"/Users/islomboynazarov/Desktop/epam-short-track-tasks/class-components/src/components/ErrorBoundary.tsx","statementMap":{"0":{"start":{"line":14,"column":4},"end":{"line":14,"column":null}},"1":{"start":{"line":15,"column":4},"end":{"line":15,"column":null}},"2":{"start":{"line":19,"column":4},"end":{"line":19,"column":null}},"3":{"start":{"line":23,"column":4},"end":{"line":23,"column":null}},"4":{"start":{"line":27,"column":4},"end":{"line":34,"column":null}},"5":{"start":{"line":28,"column":6},"end":{"line":32,"column":null}},"6":{"start":{"line":35,"column":4},"end":{"line":35,"column":null}}},"fnMap":{"0":{"name":"constructor","decl":{"start":{"line":13,"column":2},"end":{"line":13,"column":14}},"loc":{"start":{"line":13,"column":41},"end":{"line":16,"column":null}},"line":13},"1":{"name":"getDerivedStateFromError","decl":{"start":{"line":18,"column":9},"end":{"line":18,"column":34}},"loc":{"start":{"line":18,"column":68},"end":{"line":20,"column":null}},"line":18},"2":{"name":"componentDidCatch","decl":{"start":{"line":22,"column":2},"end":{"line":22,"column":20}},"loc":{"start":{"line":22,"column":63},"end":{"line":24,"column":null}},"line":22},"3":{"name":"render","decl":{"start":{"line":26,"column":2},"end":{"line":26,"column":11}},"loc":{"start":{"line":26,"column":11},"end":{"line":36,"column":null}},"line":26}},"branchMap":{"0":{"loc":{"start":{"line":27,"column":4},"end":{"line":34,"column":null}},"type":"if","locations":[{"start":{"line":27,"column":4},"end":{"line":34,"column":null}},{"start":{},"end":{}}],"line":27}},"s":{"0":15,"1":15,"2":6,"3":3,"4":20,"5":6,"6":14},"f":{"0":15,"1":2,"2":3,"3":20},"b":{"0":[6,14]},"meta":{"lastBranch":1,"lastFunction":4,"lastStatement":7,"seen":{"f:13:2:13:14":0,"s:14:4:14:Infinity":0,"s:15:4:15:Infinity":1,"f:18:9:18:34":1,"s:19:4:19:Infinity":2,"f:22:2:22:20":2,"s:23:4:23:Infinity":3,"f:26:2:26:11":3,"b:27:4:34:Infinity:undefined:undefined:undefined:undefined":0,"s:27:4:34:Infinity":4,"s:28:6:32:Infinity":5,"s:35:4:35:Infinity":6},"fnNames":{}}}
,"/Users/islomboynazarov/Desktop/epam-short-track-tasks/class-components/src/components/ErrorButton.tsx": {"path":"/Users/islomboynazarov/Desktop/epam-short-track-tasks/class-components/src/components/ErrorButton.tsx","statementMap":{"0":{"start":{"line":13,"column":2},"end":{"line":15,"column":null}},"1":{"start":{"line":9,"column":4},"end":{"line":9,"column":null}},"2":{"start":{"line":10,"column":4},"end":{"line":10,"column":null}},"3":{"start":{"line":14,"column":4},"end":{"line":14,"column":null}},"4":{"start":{"line":18,"column":4},"end":{"line":20,"column":null}},"5":{"start":{"line":19,"column":6},"end":{"line":19,"column":null}},"6":{"start":{"line":21,"column":4},"end":{"line":38,"column":null}}},"fnMap":{"0":{"name":"constructor","decl":{"start":{"line":8,"column":2},"end":{"line":8,"column":14}},"loc":{"start":{"line":8,"column":29},"end":{"line":11,"column":null}},"line":8},"1":{"name":"(anonymous_1)","decl":{"start":{"line":13,"column":2},"end":{"line":13,"column":22}},"loc":{"start":{"line":13,"column":22},"end":{"line":15,"column":null}},"line":13},"2":{"name":"render","decl":{"start":{"line":17,"column":2},"end":{"line":17,"column":11}},"loc":{"start":{"line":17,"column":11},"end":{"line":40,"column":null}},"line":17}},"branchMap":{"0":{"loc":{"start":{"line":18,"column":4},"end":{"line":20,"column":null}},"type":"if","locations":[{"start":{"line":18,"column":4},"end":{"line":20,"column":null}},{"start":{},"end":{}}],"line":18}},"s":{"0":1,"1":10,"2":10,"3":1,"4":11,"5":2,"6":9},"f":{"0":10,"1":1,"2":11},"b":{"0":[2,9]},"meta":{"lastBranch":1,"lastFunction":3,"lastStatement":7,"seen":{"s:13:2:15:Infinity":0,"f:8:2:8:14":0,"s:9:4:9:Infinity":1,"s:10:4:10:Infinity":2,"f:13:2:13:22":1,"s:14:4:14:Infinity":3,"f:17:2:17:11":2,"b:18:4:20:Infinity:undefined:undefined:undefined:undefined":0,"s:18:4:20:Infinity":4,"s:19:6:19:Infinity":5,"s:21:4:38:Infinity":6},"fnNames":{}}}
,"/Users/islomboynazarov/Desktop/epam-short-track-tasks/class-components/src/components/Flyout.tsx": {"path":"/Users/islomboynazarov/Desktop/epam-short-track-tasks/class-components/src/components/Flyout.tsx","statementMap":{"0":{"start":{"line":4,"column":41},"end":{"line":4,"column":58}},"1":{"start":{"line":6,"column":8},"end":{"line":21,"column":null}},"2":{"start":{"line":7,"column":20},"end":{"line":7,"column":null}},"3":{"start":{"line":8,"column":17},"end":{"line":12,"column":null}},"4":{"start":{"line":8,"column":42},"end":{"line":12,"column":5}},"5":{"start":{"line":13,"column":16},"end":{"line":13,"column":null}},"6":{"start":{"line":13,"column":48},"end":{"line":13,"column":61}},"7":{"start":{"line":14,"column":17},"end":{"line":14,"column":null}},"8":{"start":{"line":15,"column":16},"end":{"line":15,"column":null}},"9":{"start":{"line":16,"column":14},"end":{"line":16,"column":null}},"10":{"start":{"line":17,"column":4},"end":{"line":17,"column":null}},"11":{"start":{"line":18,"column":4},"end":{"line":18,"column":null}},"12":{"start":{"line":19,"column":4},"end":{"line":19,"column":null}},"13":{"start":{"line":20,"column":4},"end":{"line":20,"column":null}},"14":{"start":{"line":23,"column":2},"end":{"line":23,"column":null}},"15":{"start":{"line":23,"column":34},"end":{"line":23,"column":null}},"16":{"start":{"line":25,"column":2},"end":{"line":56,"column":null}}},"fnMap":{"0":{"name":"Flyout","decl":{"start":{"line":3,"column":9},"end":{"line":3,"column":18}},"loc":{"start":{"line":3,"column":18},"end":{"line":58,"column":null}},"line":3},"1":{"name":"(anonymous_1)","decl":{"start":{"line":6,"column":8},"end":{"line":6,"column":31}},"loc":{"start":{"line":6,"column":31},"end":{"line":21,"column":null}},"line":6},"2":{"name":"(anonymous_2)","decl":{"start":{"line":8,"column":31},"end":{"line":8,"column":36}},"loc":{"start":{"line":8,"column":42},"end":{"line":12,"column":5}},"line":8},"3":{"name":"(anonymous_3)","decl":{"start":{"line":13,"column":35},"end":{"line":13,"column":40}},"loc":{"start":{"line":13,"column":48},"end":{"line":13,"column":61}},"line":13}},"branchMap":{"0":{"loc":{"start":{"line":23,"column":2},"end":{"line":23,"column":null}},"type":"if","locations":[{"start":{"line":23,"column":2},"end":{"line":23,"column":null}},{"start":{},"end":{}}],"line":23}},"s":{"0":14,"1":14,"2":1,"3":1,"4":1,"5":1,"6":2,"7":1,"8":1,"9":1,"10":1,"11":1,"12":1,"13":1,"14":14,"15":9,"16":5},"f":{"0":14,"1":1,"2":1,"3":2},"b":{"0":[9,5]},"meta":{"lastBranch":1,"lastFunction":4,"lastStatement":17,"seen":{"f:3:9:3:18":0,"s:4:41:4:58":0,"s:6:8:21:Infinity":1,"f:6:8:6:31":1,"s:7:20:7:Infinity":2,"s:8:17:12:Infinity":3,"f:8:31:8:36":2,"s:8:42:12:5":4,"s:13:16:13:Infinity":5,"f:13:35:13:40":3,"s:13:48:13:61":6,"s:14:17:14:Infinity":7,"s:15:16:15:Infinity":8,"s:16:14:16:Infinity":9,"s:17:4:17:Infinity":10,"s:18:4:18:Infinity":11,"s:19:4:19:Infinity":12,"s:20:4:20:Infinity":13,"b:23:2:23:Infinity:undefined:undefined:undefined:undefined":0,"s:23:2:23:Infinity":14,"s:23:34:23:Infinity":15,"s:25:2:56:Infinity":16},"fnNames":{}}}
,"/Users/islomboynazarov/Desktop/epam-short-track-tasks/class-components/src/components/Navigation.tsx": {"path":"/Users/islomboynazarov/Desktop/epam-short-track-tasks/class-components/src/components/Navigation.tsx","statementMap":{"0":{"start":{"line":18,"column":33},"end":{"line":18,"column":42}},"1":{"start":{"line":20,"column":2},"end":{"line":38,"column":null}}},"fnMap":{"0":{"name":"Navigation","decl":{"start":{"line":17,"column":9},"end":{"line":17,"column":22}},"loc":{"start":{"line":17,"column":22},"end":{"line":40,"column":null}},"line":17}},"branchMap":{"0":{"loc":{"start":{"line":36,"column":9},"end":{"line":36,"column":null}},"type":"cond-expr","locations":[{"start":{"line":36,"column":29},"end":{"line":36,"column":41}},{"start":{"line":36,"column":41},"end":{"line":36,"column":null}}],"line":36}},"s":{"0":7,"1":7},"f":{"0":7},"b":{"0":[7,0]},"meta":{"lastBranch":1,"lastFunction":1,"lastStatement":2,"seen":{"f:17:9:17:22":0,"s:18:33:18:42":0,"s:20:2:38:Infinity":1,"b:36:29:36:41:36:41:36:Infinity":0},"fnNames":{}}}
,"/Users/islomboynazarov/Desktop/epam-short-track-tasks/class-components/src/components/Pagination.tsx": {"path":"/Users/islomboynazarov/Desktop/epam-short-track-tasks/class-components/src/components/Pagination.tsx","statementMap":{"0":{"start":{"line":8,"column":2},"end":{"line":27,"column":null}},"1":{"start":{"line":11,"column":23},"end":{"line":11,"column":null}},"2":{"start":{"line":21,"column":23},"end":{"line":21,"column":null}}},"fnMap":{"0":{"name":"Pagination","decl":{"start":{"line":7,"column":9},"end":{"line":7,"column":20}},"loc":{"start":{"line":7,"column":81},"end":{"line":29,"column":null}},"line":7},"1":{"name":"(anonymous_1)","decl":{"start":{"line":11,"column":8},"end":{"line":11,"column":23}},"loc":{"start":{"line":11,"column":23},"end":{"line":11,"column":null}},"line":11},"2":{"name":"(anonymous_2)","decl":{"start":{"line":21,"column":8},"end":{"line":21,"column":23}},"loc":{"start":{"line":21,"column":23},"end":{"line":21,"column":null}},"line":21}},"branchMap":{},"s":{"0":12,"1":1,"2":1},"f":{"0":12,"1":1,"2":1},"b":{},"meta":{"lastBranch":0,"lastFunction":3,"lastStatement":3,"seen":{"f:7:9:7:20":0,"s:8:2:27:Infinity":0,"f:11:8:11:23":1,"s:11:23:11:Infinity":1,"f:21:8:21:23":2,"s:21:23:21:Infinity":2},"fnNames":{}}}
,"/Users/islomboynazarov/Desktop/epam-short-track-tasks/class-components/src/components/Search.tsx": {"path":"/Users/islomboynazarov/Desktop/epam-short-track-tasks/class-components/src/components/Search.tsx","statementMap":{"0":{"start":{"line":60,"column":38},"end":{"line":60,"column":null}},"1":{"start":{"line":62,"column":8},"end":{"line":65,"column":null}},"2":{"start":{"line":63,"column":20},"end":{"line":63,"column":null}},"3":{"start":{"line":64,"column":4},"end":{"line":64,"column":null}},"4":{"start":{"line":67,"column":2},"end":{"line":82,"column":null}},"5":{"start":{"line":72,"column":25},"end":{"line":72,"column":null}}},"fnMap":{"0":{"name":"Search","decl":{"start":{"line":59,"column":9},"end":{"line":59,"column":16}},"loc":{"start":{"line":59,"column":57},"end":{"line":84,"column":null}},"line":59},"1":{"name":"(anonymous_1)","decl":{"start":{"line":62,"column":8},"end":{"line":62,"column":29}},"loc":{"start":{"line":62,"column":29},"end":{"line":65,"column":null}},"line":62},"2":{"name":"(anonymous_2)","decl":{"start":{"line":72,"column":8},"end":{"line":72,"column":19}},"loc":{"start":{"line":72,"column":25},"end":{"line":72,"column":null}},"line":72}},"branchMap":{},"s":{"0":43,"1":43,"2":4,"3":4,"4":43,"5":28},"f":{"0":43,"1":4,"2":28},"b":{},"meta":{"lastBranch":0,"lastFunction":3,"lastStatement":6,"seen":{"f:59:9:59:16":0,"s:60:38:60:Infinity":0,"s:62:8:65:Infinity":1,"f:62:8:62:29":1,"s:63:20:63:Infinity":2,"s:64:4:64:Infinity":3,"s:67:2:82:Infinity":4,"f:72:8:72:19":2,"s:72:25:72:Infinity":5},"fnNames":{}}}
,"/Users/islomboynazarov/Desktop/epam-short-track-tasks/class-components/src/components/Spinner.tsx": {"path":"/Users/islomboynazarov/Desktop/epam-short-track-tasks/class-components/src/components/Spinner.tsx","statementMap":{"0":{"start":{"line":16,"column":2},"end":{"line":19,"column":null}}},"fnMap":{"0":{"name":"Spinner","decl":{"start":{"line":15,"column":9},"end":{"line":15,"column":19}},"loc":{"start":{"line":15,"column":19},"end":{"line":21,"column":null}},"line":15}},"branchMap":{},"s":{"0":9},"f":{"0":9},"b":{},"meta":{"lastBranch":0,"lastFunction":1,"lastStatement":1,"seen":{"f:15:9:15:19":0,"s:16:2:19:Infinity":0},"fnNames":{}}}
,"/Users/islomboynazarov/Desktop/epam-short-track-tasks/class-components/src/context/ThemeContext.tsx": {"path":"/Users/islomboynazarov/Desktop/epam-short-track-tasks/class-components/src/context/ThemeContext.tsx","statementMap":{"0":{"start":{"line":8,"column":21},"end":{"line":11,"column":null}},"1":{"start":{"line":14,"column":28},"end":{"line":14,"column":null}},"2":{"start":{"line":16,"column":8},"end":{"line":18,"column":null}},"3":{"start":{"line":17,"column":4},"end":{"line":17,"column":null}},"4":{"start":{"line":17,"column":24},"end":{"line":17,"column":60}},"5":{"start":{"line":20,"column":2},"end":{"line":31,"column":null}},"6":{"start":{"line":36,"column":2},"end":{"line":36,"column":null}}},"fnMap":{"0":{"name":"(anonymous_0)","decl":{"start":{"line":10,"column":2},"end":{"line":10,"column":21}},"loc":{"start":{"line":10,"column":21},"end":{"line":10,"column":null}},"line":10},"1":{"name":"ThemeProvider","decl":{"start":{"line":13,"column":16},"end":{"line":13,"column":30}},"loc":{"start":{"line":13,"column":75},"end":{"line":33,"column":null}},"line":13},"2":{"name":"(anonymous_2)","decl":{"start":{"line":16,"column":8},"end":{"line":16,"column":28}},"loc":{"start":{"line":16,"column":28},"end":{"line":18,"column":null}},"line":16},"3":{"name":"(anonymous_3)","decl":{"start":{"line":17,"column":4},"end":{"line":17,"column":14}},"loc":{"start":{"line":17,"column":24},"end":{"line":17,"column":60}},"line":17},"4":{"name":"useTheme","decl":{"start":{"line":35,"column":16},"end":{"line":35,"column":27}},"loc":{"start":{"line":35,"column":27},"end":{"line":37,"column":null}},"line":35}},"branchMap":{"0":{"loc":{"start":{"line":17,"column":24},"end":{"line":17,"column":60}},"type":"cond-expr","locations":[{"start":{"line":17,"column":43},"end":{"line":17,"column":52}},{"start":{"line":17,"column":52},"end":{"line":17,"column":60}}],"line":17},"1":{"loc":{"start":{"line":25,"column":27},"end":{"line":25,"column":null}},"type":"cond-expr","locations":[{"start":{"line":25,"column":47},"end":{"line":25,"column":59}},{"start":{"line":25,"column":59},"end":{"line":25,"column":null}}],"line":25},"2":{"loc":{"start":{"line":26,"column":17},"end":{"line":26,"column":null}},"type":"cond-expr","locations":[{"start":{"line":26,"column":37},"end":{"line":26,"column":49}},{"start":{"line":26,"column":49},"end":{"line":26,"column":null}}],"line":26}},"s":{"0":2,"1":13,"2":13,"3":3,"4":3,"5":13,"6":13},"f":{"0":0,"1":13,"2":3,"3":3,"4":13},"b":{"0":[2,1],"1":[11,2],"2":[11,2]},"meta":{"lastBranch":3,"lastFunction":5,"lastStatement":7,"seen":{"s:8:21:11:Infinity":0,"f:10:2:10:21":0,"f:13:16:13:30":1,"s:14:28:14:Infinity":1,"s:16:8:18:Infinity":2,"f:16:8:16:28":2,"s:17:4:17:Infinity":3,"f:17:4:17:14":3,"s:17:24:17:60":4,"b:17:43:17:52:17:52:17:60":0,"s:20:2:31:Infinity":5,"b:25:47:25:59:25:59:25:Infinity":1,"b:26:37:26:49:26:49:26:Infinity":2,"f:35:16:35:27":4,"s:36:2:36:Infinity":6},"fnNames":{}}}
,"/Users/islomboynazarov/Desktop/epam-short-track-tasks/class-components/src/hooks/useLocalStorage.ts": {"path":"/Users/islomboynazarov/Desktop/epam-short-track-tasks/class-components/src/hooks/useLocalStorage.ts","statementMap":{"0":{"start":{"line":4,"column":40},"end":{"line":6,"column":null}},"1":{"start":{"line":5,"column":4},"end":{"line":5,"column":null}},"2":{"start":{"line":8,"column":8},"end":{"line":11,"column":null}},"3":{"start":{"line":9,"column":4},"end":{"line":9,"column":null}},"4":{"start":{"line":10,"column":4},"end":{"line":10,"column":null}},"5":{"start":{"line":13,"column":2},"end":{"line":13,"column":null}}},"fnMap":{"0":{"name":"useLocalStorage","decl":{"start":{"line":3,"column":9},"end":{"line":3,"column":25}},"loc":{"start":{"line":3,"column":95},"end":{"line":14,"column":null}},"line":3},"1":{"name":"(anonymous_1)","decl":{"start":{"line":4,"column":40},"end":{"line":4,"column":63}},"loc":{"start":{"line":4,"column":63},"end":{"line":6,"column":3}},"line":4},"2":{"name":"(anonymous_2)","decl":{"start":{"line":8,"column":8},"end":{"line":8,"column":20}},"loc":{"start":{"line":8,"column":38},"end":{"line":11,"column":null}},"line":8}},"branchMap":{"0":{"loc":{"start":{"line":5,"column":11},"end":{"line":5,"column":null}},"type":"binary-expr","locations":[{"start":{"line":5,"column":11},"end":{"line":5,"column":40}},{"start":{"line":5,"column":40},"end":{"line":5,"column":null}}],"line":5}},"s":{"0":9,"1":7,"2":9,"3":1,"4":1,"5":9},"f":{"0":9,"1":7,"2":1},"b":{"0":[7,5]},"meta":{"lastBranch":1,"lastFunction":3,"lastStatement":6,"seen":{"f:3:9:3:25":0,"s:4:40:6:Infinity":0,"f:4:40:4:63":1,"s:5:4:5:Infinity":1,"b:5:11:5:40:5:40:5:Infinity":0,"s:8:8:11:Infinity":2,"f:8:8:8:20":2,"s:9:4:9:Infinity":3,"s:10:4:10:Infinity":4,"s:13:2:13:Infinity":5},"fnNames":{}}}
,"/Users/islomboynazarov/Desktop/epam-short-track-tasks/class-components/src/pages/AboutPage.tsx": {"path":"/Users/islomboynazarov/Desktop/epam-short-track-tasks/class-components/src/pages/AboutPage.tsx","statementMap":{"0":{"start":{"line":2,"column":2},"end":{"line":12,"column":null}}},"fnMap":{"0":{"name":"AboutPage","decl":{"start":{"line":1,"column":9},"end":{"line":1,"column":21}},"loc":{"start":{"line":1,"column":21},"end":{"line":14,"column":null}},"line":1}},"branchMap":{},"s":{"0":3},"f":{"0":3},"b":{},"meta":{"lastBranch":0,"lastFunction":1,"lastStatement":1,"seen":{"f:1:9:1:21":0,"s:2:2:12:Infinity":0},"fnNames":{}}}
,"/Users/islomboynazarov/Desktop/epam-short-track-tasks/class-components/src/pages/MainPage.tsx": {"path":"/Users/islomboynazarov/Desktop/epam-short-track-tasks/class-components/src/pages/MainPage.tsx","statementMap":{"0":{"start":{"line":108,"column":17},"end":{"line":108,"column":null}},"1":{"start":{"line":114,"column":16},"end":{"line":114,"column":null}},"2":{"start":{"line":115,"column":8},"end":{"line":115,"column":null}},"3":{"start":{"line":116,"column":19},"end":{"line":116,"column":null}},"4":{"start":{"line":117,"column":2},"end":{"line":117,"column":null}},"5":{"start":{"line":117,"column":20},"end":{"line":117,"column":null}},"6":{"start":{"line":118,"column":15},"end":{"line":118,"column":null}},"7":{"start":{"line":119,"column":19},"end":{"line":121,"column":null}},"8":{"start":{"line":120,"column":46},"end":{"line":120,"column":72}},"9":{"start":{"line":122,"column":2},"end":{"line":122,"column":null}},"10":{"start":{"line":126,"column":42},"end":{"line":126,"column":58}},"11":{"start":{"line":127,"column":38},"end":{"line":127,"column":null}},"12":{"start":{"line":128,"column":22},"end":{"line":128,"column":37}},"13":{"start":{"line":130,"column":22},"end":{"line":130,"column":null}},"14":{"start":{"line":131,"column":20},"end":{"line":131,"column":null}},"15":{"start":{"line":133,"column":19},"end":{"line":135,"column":null}},"16":{"start":{"line":137,"column":37},"end":{"line":146,"column":null}},"17":{"start":{"line":140,"column":6},"end":{"line":143,"column":null}},"18":{"start":{"line":141,"column":24},"end":{"line":141,"column":null}},"19":{"start":{"line":142,"column":8},"end":{"line":142,"column":null}},"20":{"start":{"line":144,"column":6},"end":{"line":144,"column":null}},"21":{"start":{"line":148,"column":8},"end":{"line":152,"column":null}},"22":{"start":{"line":149,"column":4},"end":{"line":149,"column":null}},"23":{"start":{"line":149,"column":29},"end":{"line":149,"column":null}},"24":{"start":{"line":150,"column":4},"end":{"line":150,"column":null}},"25":{"start":{"line":151,"column":4},"end":{"line":151,"column":null}},"26":{"start":{"line":154,"column":8},"end":{"line":158,"column":null}},"27":{"start":{"line":155,"column":43},"end":{"line":155,"column":null}},"28":{"start":{"line":156,"column":4},"end":{"line":156,"column":null}},"29":{"start":{"line":156,"column":19},"end":{"line":156,"column":null}},"30":{"start":{"line":157,"column":4},"end":{"line":157,"column":null}},"31":{"start":{"line":160,"column":8},"end":{"line":162,"column":null}},"32":{"start":{"line":161,"column":4},"end":{"line":161,"column":null}},"33":{"start":{"line":164,"column":8},"end":{"line":166,"column":null}},"34":{"start":{"line":165,"column":4},"end":{"line":165,"column":null}},"35":{"start":{"line":168,"column":19},"end":{"line":168,"column":null}},"36":{"start":{"line":169,"column":22},"end":{"line":169,"column":null}},"37":{"start":{"line":171,"column":2},"end":{"line":198,"column":null}}},"fnMap":{"0":{"name":"fetchPokemonPage","decl":{"start":{"line":110,"column":15},"end":{"line":110,"column":32}},"loc":{"start":{"line":113,"column":3},"end":{"line":123,"column":null}},"line":113},"1":{"name":"(anonymous_1)","decl":{"start":{"line":120,"column":17},"end":{"line":120,"column":22}},"loc":{"start":{"line":120,"column":46},"end":{"line":120,"column":72}},"line":120},"2":{"name":"MainPage","decl":{"start":{"line":125,"column":9},"end":{"line":125,"column":20}},"loc":{"start":{"line":125,"column":20},"end":{"line":200,"column":null}},"line":125},"3":{"name":"(anonymous_3)","decl":{"start":{"line":139,"column":13},"end":{"line":139,"column":25}},"loc":{"start":{"line":139,"column":25},"end":{"line":145,"column":null}},"line":139},"4":{"name":"(anonymous_4)","decl":{"start":{"line":148,"column":8},"end":{"line":148,"column":24}},"loc":{"start":{"line":148,"column":41},"end":{"line":152,"column":null}},"line":148},"5":{"name":"(anonymous_5)","decl":{"start":{"line":154,"column":8},"end":{"line":154,"column":28}},"loc":{"start":{"line":154,"column":45},"end":{"line":158,"column":null}},"line":154},"6":{"name":"(anonymous_6)","decl":{"start":{"line":160,"column":8},"end":{"line":160,"column":27}},"loc":{"start":{"line":160,"column":42},"end":{"line":162,"column":null}},"line":160},"7":{"name":"(anonymous_7)","decl":{"start":{"line":164,"column":8},"end":{"line":164,"column":30}},"loc":{"start":{"line":164,"column":30},"end":{"line":166,"column":null}},"line":164}},"branchMap":{"0":{"loc":{"start":{"line":117,"column":2},"end":{"line":117,"column":null}},"type":"if","locations":[{"start":{"line":117,"column":2},"end":{"line":117,"column":null}},{"start":{},"end":{}}],"line":117},"1":{"loc":{"start":{"line":130,"column":29},"end":{"line":130,"column":60}},"type":"binary-expr","locations":[{"start":{"line":130,"column":29},"end":{"line":130,"column":57}},{"start":{"line":130,"column":57},"end":{"line":130,"column":60}}],"line":130},"2":{"loc":{"start":{"line":133,"column":19},"end":{"line":135,"column":null}},"type":"cond-expr","locations":[{"start":{"line":134,"column":6},"end":{"line":134,"column":null}},{"start":{"line":135,"column":6},"end":{"line":135,"column":null}}],"line":133},"3":{"loc":{"start":{"line":140,"column":6},"end":{"line":143,"column":null}},"type":"if","locations":[{"start":{"line":140,"column":6},"end":{"line":143,"column":null}},{"start":{},"end":{}}],"line":140},"4":{"loc":{"start":{"line":149,"column":4},"end":{"line":149,"column":null}},"type":"if","locations":[{"start":{"line":149,"column":4},"end":{"line":149,"column":null}},{"start":{},"end":{}}],"line":149},"5":{"loc":{"start":{"line":156,"column":4},"end":{"line":156,"column":null}},"type":"if","locations":[{"start":{"line":156,"column":4},"end":{"line":156,"column":null}},{"start":{},"end":{}}],"line":156},"6":{"loc":{"start":{"line":168,"column":19},"end":{"line":168,"column":null}},"type":"binary-expr","locations":[{"start":{"line":168,"column":19},"end":{"line":168,"column":37}},{"start":{"line":168,"column":37},"end":{"line":168,"column":null}}],"line":168},"7":{"loc":{"start":{"line":169,"column":22},"end":{"line":169,"column":null}},"type":"binary-expr","locations":[{"start":{"line":169,"column":22},"end":{"line":169,"column":43}},{"start":{"line":169,"column":43},"end":{"line":169,"column":null}}],"line":169},"8":{"loc":{"start":{"line":180,"column":9},"end":{"line":180,"column":null}},"type":"binary-expr","locations":[{"start":{"line":180,"column":9},"end":{"line":180,"column":22}},{"start":{"line":180,"column":22},"end":{"line":180,"column":null}}],"line":180},"9":{"loc":{"start":{"line":181,"column":9},"end":{"line":184,"column":null}},"type":"binary-expr","locations":[{"start":{"line":181,"column":9},"end":{"line":181,"column":null}},{"start":{"line":182,"column":10},"end":{"line":184,"column":null}}],"line":181},"10":{"loc":{"start":{"line":183,"column":13},"end":{"line":183,"column":null}},"type":"cond-expr","locations":[{"start":{"line":183,"column":38},"end":{"line":183,"column":54}},{"start":{"line":183,"column":54},"end":{"line":183,"column":null}}],"line":183},"11":{"loc":{"start":{"line":186,"column":9},"end":{"line":194,"column":null}},"type":"binary-expr","locations":[{"start":{"line":186,"column":9},"end":{"line":186,"column":23}},{"start":{"line":186,"column":23},"end":{"line":186,"column":null}},{"start":{"line":187,"column":10},"end":{"line":194,"column":null}}],"line":186},"12":{"loc":{"start":{"line":197,"column":7},"end":{"line":198,"column":null}},"type":"binary-expr","locations":[{"start":{"line":197,"column":7},"end":{"line":197,"column":20}},{"start":{"line":197,"column":20},"end":{"line":198,"column":null}}],"line":197}},"s":{"0":1,"1":1,"2":1,"3":1,"4":1,"5":0,"6":1,"7":1,"8":1,"9":1,"10":9,"11":9,"12":9,"13":9,"14":9,"15":9,"16":9,"17":3,"18":2,"19":2,"20":1,"21":9,"22":2,"23":1,"24":1,"25":1,"26":9,"27":0,"28":0,"29":0,"30":0,"31":9,"32":0,"33":9,"34":0,"35":9,"36":9,"37":9},"f":{"0":1,"1":1,"2":9,"3":3,"4":2,"5":0,"6":0,"7":0},"b":{"0":[0,1],"1":[9,7],"2":[4,5],"3":[2,1],"4":[1,1],"5":[0,0],"6":[9,3],"7":[9,3],"8":[9,3],"9":[9,0],"10":[0,0],"11":[9,6,6],"12":[9,0]},"meta":{"lastBranch":13,"lastFunction":8,"lastStatement":38,"seen":{"s:108:17:108:Infinity":0,"f:110:15:110:32":0,"s:114:16:114:Infinity":1,"s:115:8:115:Infinity":2,"s:116:19:116:Infinity":3,"b:117:2:117:Infinity:undefined:undefined:undefined:undefined":0,"s:117:2:117:Infinity":4,"s:117:20:117:Infinity":5,"s:118:15:118:Infinity":6,"s:119:19:121:Infinity":7,"f:120:17:120:22":1,"s:120:46:120:72":8,"s:122:2:122:Infinity":9,"f:125:9:125:20":2,"s:126:42:126:58":10,"s:127:38:127:Infinity":11,"s:128:22:128:37":12,"s:130:22:130:Infinity":13,"b:130:29:130:57:130:57:130:60":1,"s:131:20:131:Infinity":14,"s:133:19:135:Infinity":15,"b:134:6:134:Infinity:135:6:135:Infinity":2,"s:137:37:146:Infinity":16,"f:139:13:139:25":3,"b:140:6:143:Infinity:undefined:undefined:undefined:undefined":3,"s:140:6:143:Infinity":17,"s:141:24:141:Infinity":18,"s:142:8:142:Infinity":19,"s:144:6:144:Infinity":20,"s:148:8:152:Infinity":21,"f:148:8:148:24":4,"b:149:4:149:Infinity:undefined:undefined:undefined:undefined":4,"s:149:4:149:Infinity":22,"s:149:29:149:Infinity":23,"s:150:4:150:Infinity":24,"s:151:4:151:Infinity":25,"s:154:8:158:Infinity":26,"f:154:8:154:28":5,"s:155:43:155:Infinity":27,"b:156:4:156:Infinity:undefined:undefined:undefined:undefined":5,"s:156:4:156:Infinity":28,"s:156:19:156:Infinity":29,"s:157:4:157:Infinity":30,"s:160:8:162:Infinity":31,"f:160:8:160:27":6,"s:161:4:161:Infinity":32,"s:164:8:166:Infinity":33,"f:164:8:164:30":7,"s:165:4:165:Infinity":34,"s:168:19:168:Infinity":35,"b:168:19:168:37:168:37:168:Infinity":6,"s:169:22:169:Infinity":36,"b:169:22:169:43:169:43:169:Infinity":7,"s:171:2:198:Infinity":37,"b:180:9:180:22:180:22:180:Infinity":8,"b:181:9:181:Infinity:182:10:184:Infinity":9,"b:183:38:183:54:183:54:183:Infinity":10,"b:186:9:186:23:186:23:186:Infinity:187:10:194:Infinity":11,"b:197:7:197:20:197:20:198:Infinity":12},"fnNames":{}}}
,"/Users/islomboynazarov/Desktop/epam-short-track-tasks/class-components/src/pages/NotFoundPage.tsx": {"path":"/Users/islomboynazarov/Desktop/epam-short-track-tasks/class-components/src/pages/NotFoundPage.tsx","statementMap":{"0":{"start":{"line":4,"column":2},"end":{"line":9,"column":null}}},"fnMap":{"0":{"name":"NotFoundPage","decl":{"start":{"line":3,"column":9},"end":{"line":3,"column":24}},"loc":{"start":{"line":3,"column":24},"end":{"line":11,"column":null}},"line":3}},"branchMap":{},"s":{"0":3},"f":{"0":3},"b":{},"meta":{"lastBranch":0,"lastFunction":1,"lastStatement":1,"seen":{"f:3:9:3:24":0,"s:4:2:9:Infinity":0},"fnNames":{}}}
,"/Users/islomboynazarov/Desktop/epam-short-track-tasks/class-components/src/store/selectedStore.ts": {"path":"/Users/islomboynazarov/Desktop/epam-short-track-tasks/class-components/src/store/selectedStore.ts","statementMap":{"0":{"start":{"line":10,"column":25},"end":{"line":23,"column":null}},"1":{"start":{"line":10,"column":57},"end":{"line":23,"column":2}},"2":{"start":{"line":13,"column":4},"end":{"line":21,"column":null}},"3":{"start":{"line":14,"column":21},"end":{"line":14,"column":null}},"4":{"start":{"line":14,"column":53},"end":{"line":14,"column":72}},"5":{"start":{"line":15,"column":6},"end":{"line":19,"column":null}},"6":{"start":{"line":16,"column":8},"end":{"line":18,"column":null}},"7":{"start":{"line":17,"column":59},"end":{"line":17,"column":78}},"8":{"start":{"line":20,"column":6},"end":{"line":20,"column":null}},"9":{"start":{"line":22,"column":21},"end":{"line":22,"column":null}}},"fnMap":{"0":{"name":"(anonymous_0)","decl":{"start":{"line":10,"column":25},"end":{"line":10,"column":48}},"loc":{"start":{"line":10,"column":57},"end":{"line":23,"column":2}},"line":10},"1":{"name":"(anonymous_1)","decl":{"start":{"line":12,"column":2},"end":{"line":12,"column":15}},"loc":{"start":{"line":13,"column":4},"end":{"line":21,"column":null}},"line":13},"2":{"name":"(anonymous_2)","decl":{"start":{"line":13,"column":4},"end":{"line":13,"column":9}},"loc":{"start":{"line":13,"column":19},"end":{"line":21,"column":5}},"line":13},"3":{"name":"(anonymous_3)","decl":{"start":{"line":14,"column":41},"end":{"line":14,"column":47}},"loc":{"start":{"line":14,"column":53},"end":{"line":14,"column":72}},"line":14},"4":{"name":"(anonymous_4)","decl":{"start":{"line":17,"column":45},"end":{"line":17,"column":53}},"loc":{"start":{"line":17,"column":59},"end":{"line":17,"column":78}},"line":17},"5":{"name":"(anonymous_5)","decl":{"start":{"line":22,"column":2},"end":{"line":22,"column":21}},"loc":{"start":{"line":22,"column":21},"end":{"line":22,"column":null}},"line":22}},"branchMap":{"0":{"loc":{"start":{"line":15,"column":6},"end":{"line":19,"column":null}},"type":"if","locations":[{"start":{"line":15,"column":6},"end":{"line":19,"column":null}},{"start":{},"end":{}}],"line":15}},"s":{"0":5,"1":5,"2":8,"3":8,"4":3,"5":8,"6":1,"7":1,"8":7,"9":2},"f":{"0":5,"1":8,"2":8,"3":3,"4":1,"5":2},"b":{"0":[1,7]},"meta":{"lastBranch":1,"lastFunction":6,"lastStatement":10,"seen":{"s:10:25:23:Infinity":0,"f:10:25:10:48":0,"s:10:57:23:2":1,"f:12:2:12:15":1,"s:13:4:21:Infinity":2,"f:13:4:13:9":2,"s:14:21:14:Infinity":3,"f:14:41:14:47":3,"s:14:53:14:72":4,"b:15:6:19:Infinity:undefined:undefined:undefined:undefined":0,"s:15:6:19:Infinity":5,"s:16:8:18:Infinity":6,"f:17:45:17:53":4,"s:17:59:17:78":7,"s:20:6:20:Infinity":8,"f:22:2:22:21":5,"s:22:21:22:Infinity":9},"fnNames":{}}}
}
