{"/Users/islomboynazarov/Desktop/epam-short-track-tasks/class-components/src/App.tsx": {"path":"/Users/islomboynazarov/Desktop/epam-short-track-tasks/class-components/src/App.tsx","statementMap":{"0":{"start":{"line":114,"column":2},"end":{"line":128,"column":null}}},"fnMap":{"0":{"name":"App","decl":{"start":{"line":113,"column":9},"end":{"line":113,"column":15}},"loc":{"start":{"line":113,"column":15},"end":{"line":130,"column":null}},"line":113}},"branchMap":{},"s":{"0":8},"f":{"0":8},"b":{},"meta":{"lastBranch":0,"lastFunction":1,"lastStatement":1,"seen":{"f:113:9:113:15":0,"s:114:2:128:Infinity":0},"fnNames":{}}}
,"/Users/islomboynazarov/Desktop/epam-short-track-tasks/class-components/src/api.ts": {"path":"/Users/islomboynazarov/Desktop/epam-short-track-tasks/class-components/src/api.ts","statementMap":{"0":{"start":{"line":3,"column":17},"end":{"line":3,"column":null}},"1":{"start":{"line":5,"column":32},"end":{"line":13,"column":null}},"2":{"start":{"line":6,"column":19},"end":{"line":6,"column":null}},"3":{"start":{"line":7,"column":2},"end":{"line":7,"column":null}},"4":{"start":{"line":7,"column":20},"end":{"line":7,"column":null}},"5":{"start":{"line":8,"column":15},"end":{"line":8,"column":null}},"6":{"start":{"line":9,"column":18},"end":{"line":11,"column":null}},"7":{"start":{"line":10,"column":46},"end":{"line":10,"column":72}},"8":{"start":{"line":12,"column":2},"end":{"line":12,"column":null}},"9":{"start":{"line":15,"column":34},"end":{"line":27,"column":null}},"10":{"start":{"line":16,"column":19},"end":{"line":16,"column":null}},"11":{"start":{"line":17,"column":2},"end":{"line":17,"column":null}},"12":{"start":{"line":17,"column":20},"end":{"line":17,"column":null}},"13":{"start":{"line":18,"column":15},"end":{"line":18,"column":null}},"14":{"start":{"line":19,"column":2},"end":{"line":26,"column":null}},"15":{"start":{"line":22,"column":76},"end":{"line":22,"column":87}},"16":{"start":{"line":29,"column":32},"end":{"line":44,"column":null}},"17":{"start":{"line":30,"column":19},"end":{"line":30,"column":null}},"18":{"start":{"line":31,"column":2},"end":{"line":31,"column":null}},"19":{"start":{"line":31,"column":20},"end":{"line":31,"column":null}},"20":{"start":{"line":32,"column":15},"end":{"line":32,"column":null}},"21":{"start":{"line":33,"column":2},"end":{"line":43,"column":null}},"22":{"start":{"line":38,"column":61},"end":{"line":38,"column":72}},"23":{"start":{"line":39,"column":72},"end":{"line":39,"column":86}}},"fnMap":{"0":{"name":"(anonymous_0)","decl":{"start":{"line":5,"column":32},"end":{"line":5,"column":71}},"loc":{"start":{"line":5,"column":71},"end":{"line":13,"column":null}},"line":5},"1":{"name":"(anonymous_1)","decl":{"start":{"line":10,"column":17},"end":{"line":10,"column":22}},"loc":{"start":{"line":10,"column":46},"end":{"line":10,"column":72}},"line":10},"2":{"name":"(anonymous_2)","decl":{"start":{"line":15,"column":34},"end":{"line":15,"column":41}},"loc":{"start":{"line":15,"column":83},"end":{"line":27,"column":null}},"line":15},"3":{"name":"(anonymous_3)","decl":{"start":{"line":22,"column":37},"end":{"line":22,"column":42}},"loc":{"start":{"line":22,"column":76},"end":{"line":22,"column":87}},"line":22},"4":{"name":"(anonymous_4)","decl":{"start":{"line":29,"column":32},"end":{"line":29,"column":39}},"loc":{"start":{"line":29,"column":82},"end":{"line":44,"column":null}},"line":29},"5":{"name":"(anonymous_5)","decl":{"start":{"line":38,"column":22},"end":{"line":38,"column":27}},"loc":{"start":{"line":38,"column":61},"end":{"line":38,"column":72}},"line":38},"6":{"name":"(anonymous_6)","decl":{"start":{"line":39,"column":30},"end":{"line":39,"column":35}},"loc":{"start":{"line":39,"column":72},"end":{"line":39,"column":86}},"line":39}},"branchMap":{"0":{"loc":{"start":{"line":7,"column":2},"end":{"line":7,"column":null}},"type":"if","locations":[{"start":{"line":7,"column":2},"end":{"line":7,"column":null}},{"start":{},"end":{}}],"line":7},"1":{"loc":{"start":{"line":17,"column":2},"end":{"line":17,"column":null}},"type":"if","locations":[{"start":{"line":17,"column":2},"end":{"line":17,"column":null}},{"start":{},"end":{}}],"line":17},"2":{"loc":{"start":{"line":31,"column":2},"end":{"line":31,"column":null}},"type":"if","locations":[{"start":{"line":31,"column":2},"end":{"line":31,"column":null}},{"start":{},"end":{}}],"line":31}},"s":{"0":3,"1":3,"2":2,"3":2,"4":1,"5":1,"6":1,"7":1,"8":1,"9":3,"10":3,"11":3,"12":1,"13":2,"14":2,"15":4,"16":3,"17":0,"18":0,"19":0,"20":0,"21":0,"22":0,"23":0},"f":{"0":2,"1":1,"2":3,"3":4,"4":0,"5":0,"6":0},"b":{"0":[1,1],"1":[1,2],"2":[0,0]},"meta":{"lastBranch":3,"lastFunction":7,"lastStatement":24,"seen":{"s:3:17:3:Infinity":0,"s:5:32:13:Infinity":1,"f:5:32:5:71":0,"s:6:19:6:Infinity":2,"b:7:2:7:Infinity:undefined:undefined:undefined:undefined":0,"s:7:2:7:Infinity":3,"s:7:20:7:Infinity":4,"s:8:15:8:Infinity":5,"s:9:18:11:Infinity":6,"f:10:17:10:22":1,"s:10:46:10:72":7,"s:12:2:12:Infinity":8,"s:15:34:27:Infinity":9,"f:15:34:15:41":2,"s:16:19:16:Infinity":10,"b:17:2:17:Infinity:undefined:undefined:undefined:undefined":1,"s:17:2:17:Infinity":11,"s:17:20:17:Infinity":12,"s:18:15:18:Infinity":13,"s:19:2:26:Infinity":14,"f:22:37:22:42":3,"s:22:76:22:87":15,"s:29:32:44:Infinity":16,"f:29:32:29:39":4,"s:30:19:30:Infinity":17,"b:31:2:31:Infinity:undefined:undefined:undefined:undefined":2,"s:31:2:31:Infinity":18,"s:31:20:31:Infinity":19,"s:32:15:32:Infinity":20,"s:33:2:43:Infinity":21,"f:38:22:38:27":5,"s:38:61:38:72":22,"f:39:30:39:35":6,"s:39:72:39:86":23},"fnNames":{}}}
,"/Users/islomboynazarov/Desktop/epam-short-track-tasks/class-components/src/main.tsx": {"path":"/Users/islomboynazarov/Desktop/epam-short-track-tasks/class-components/src/main.tsx","statementMap":{"0":{"start":{"line":6,"column":0},"end":{"line":10,"column":null}}},"fnMap":{},"branchMap":{},"s":{"0":0},"f":{},"b":{},"meta":{"lastBranch":0,"lastFunction":0,"lastStatement":1,"seen":{"s:6:0:10:Infinity":0},"fnNames":{}}}
,"/Users/islomboynazarov/Desktop/epam-short-track-tasks/class-components/src/types.ts": {"path":"/Users/islomboynazarov/Desktop/epam-short-track-tasks/class-components/src/types.ts","statementMap":{},"fnMap":{},"branchMap":{},"s":{},"f":{},"b":{},"meta":{"lastBranch":0,"lastFunction":0,"lastStatement":0,"seen":{},"fnNames":{}}}
,"/Users/islomboynazarov/Desktop/epam-short-track-tasks/class-components/src/components/Card.tsx": {"path":"/Users/islomboynazarov/Desktop/epam-short-track-tasks/class-components/src/components/Card.tsx","statementMap":{"0":{"start":{"line":60,"column":40},"end":{"line":60,"column":57}},"1":{"start":{"line":61,"column":21},"end":{"line":61,"column":null}},"2":{"start":{"line":61,"column":47},"end":{"line":61,"column":66}},"3":{"start":{"line":63,"column":8},"end":{"line":66,"column":null}},"4":{"start":{"line":64,"column":4},"end":{"line":64,"column":null}},"5":{"start":{"line":65,"column":4},"end":{"line":65,"column":null}},"6":{"start":{"line":68,"column":2},"end":{"line":90,"column":null}},"7":{"start":{"line":70,"column":21},"end":{"line":70,"column":null}},"8":{"start":{"line":84,"column":24},"end":{"line":84,"column":null}}},"fnMap":{"0":{"name":"Card","decl":{"start":{"line":59,"column":9},"end":{"line":59,"column":14}},"loc":{"start":{"line":59,"column":47},"end":{"line":92,"column":null}},"line":59},"1":{"name":"(anonymous_1)","decl":{"start":{"line":61,"column":35},"end":{"line":61,"column":41}},"loc":{"start":{"line":61,"column":47},"end":{"line":61,"column":66}},"line":61},"2":{"name":"(anonymous_2)","decl":{"start":{"line":63,"column":8},"end":{"line":63,"column":26}},"loc":{"start":{"line":63,"column":69},"end":{"line":66,"column":null}},"line":63},"3":{"name":"(anonymous_3)","decl":{"start":{"line":70,"column":6},"end":{"line":70,"column":21}},"loc":{"start":{"line":70,"column":21},"end":{"line":70,"column":null}},"line":70},"4":{"name":"(anonymous_4)","decl":{"start":{"line":84,"column":8},"end":{"line":84,"column":18}},"loc":{"start":{"line":84,"column":24},"end":{"line":84,"column":null}},"line":84}},"branchMap":{"0":{"loc":{"start":{"line":72,"column":29},"end":{"line":72,"column":null}},"type":"cond-expr","locations":[{"start":{"line":72,"column":42},"end":{"line":72,"column":54}},{"start":{"line":72,"column":54},"end":{"line":72,"column":null}}],"line":72}},"s":{"0":18,"1":18,"2":2,"3":18,"4":1,"5":1,"6":18,"7":1,"8":1},"f":{"0":18,"1":2,"2":1,"3":1,"4":1},"b":{"0":[2,16]},"meta":{"lastBranch":1,"lastFunction":5,"lastStatement":9,"seen":{"f:59:9:59:14":0,"s:60:40:60:57":0,"s:61:21:61:Infinity":1,"f:61:35:61:41":1,"s:61:47:61:66":2,"s:63:8:66:Infinity":3,"f:63:8:63:26":2,"s:64:4:64:Infinity":4,"s:65:4:65:Infinity":5,"s:68:2:90:Infinity":6,"f:70:6:70:21":3,"s:70:21:70:Infinity":7,"b:72:42:72:54:72:54:72:Infinity":0,"f:84:8:84:18":4,"s:84:24:84:Infinity":8},"fnNames":{}}}
,"/Users/islomboynazarov/Desktop/epam-short-track-tasks/class-components/src/components/CardList.tsx": {"path":"/Users/islomboynazarov/Desktop/epam-short-track-tasks/class-components/src/components/CardList.tsx","statementMap":{"0":{"start":{"line":38,"column":2},"end":{"line":40,"column":null}},"1":{"start":{"line":39,"column":4},"end":{"line":39,"column":null}},"2":{"start":{"line":42,"column":2},"end":{"line":47,"column":null}},"3":{"start":{"line":45,"column":8},"end":{"line":45,"column":null}}},"fnMap":{"0":{"name":"CardList","decl":{"start":{"line":37,"column":9},"end":{"line":37,"column":18}},"loc":{"start":{"line":37,"column":60},"end":{"line":49,"column":null}},"line":37},"1":{"name":"(anonymous_1)","decl":{"start":{"line":44,"column":16},"end":{"line":44,"column":21}},"loc":{"start":{"line":45,"column":8},"end":{"line":45,"column":null}},"line":45}},"branchMap":{"0":{"loc":{"start":{"line":38,"column":2},"end":{"line":40,"column":null}},"type":"if","locations":[{"start":{"line":38,"column":2},"end":{"line":40,"column":null}},{"start":{},"end":{}}],"line":38}},"s":{"0":17,"1":9,"2":8,"3":10},"f":{"0":17,"1":10},"b":{"0":[9,8]},"meta":{"lastBranch":1,"lastFunction":2,"lastStatement":4,"seen":{"f:37:9:37:18":0,"b:38:2:40:Infinity:undefined:undefined:undefined:undefined":0,"s:38:2:40:Infinity":0,"s:39:4:39:Infinity":1,"s:42:2:47:Infinity":2,"f:44:16:44:21":1,"s:45:8:45:Infinity":3},"fnNames":{}}}
,"/Users/islomboynazarov/Desktop/epam-short-track-tasks/class-components/src/components/DetailPanel.tsx": {"path":"/Users/islomboynazarov/Desktop/epam-short-track-tasks/class-components/src/components/DetailPanel.tsx","statementMap":{"0":{"start":{"line":8,"column":42},"end":{"line":8,"column":58}},"1":{"start":{"line":9,"column":32},"end":{"line":9,"column":null}},"2":{"start":{"line":10,"column":36},"end":{"line":10,"column":null}},"3":{"start":{"line":11,"column":28},"end":{"line":11,"column":null}},"4":{"start":{"line":13,"column":20},"end":{"line":13,"column":null}},"5":{"start":{"line":15,"column":2},"end":{"line":28,"column":null}},"6":{"start":{"line":16,"column":4},"end":{"line":16,"column":null}},"7":{"start":{"line":16,"column":20},"end":{"line":16,"column":null}},"8":{"start":{"line":17,"column":4},"end":{"line":17,"column":null}},"9":{"start":{"line":18,"column":4},"end":{"line":18,"column":null}},"10":{"start":{"line":19,"column":4},"end":{"line":27,"column":null}},"11":{"start":{"line":21,"column":8},"end":{"line":21,"column":null}},"12":{"start":{"line":22,"column":8},"end":{"line":22,"column":null}},"13":{"start":{"line":25,"column":8},"end":{"line":25,"column":null}},"14":{"start":{"line":26,"column":8},"end":{"line":26,"column":null}},"15":{"start":{"line":30,"column":8},"end":{"line":33,"column":null}},"16":{"start":{"line":31,"column":4},"end":{"line":31,"column":null}},"17":{"start":{"line":32,"column":4},"end":{"line":32,"column":null}},"18":{"start":{"line":35,"column":2},"end":{"line":35,"column":null}},"19":{"start":{"line":35,"column":18},"end":{"line":35,"column":null}},"20":{"start":{"line":37,"column":2},"end":{"line":54,"column":null}}},"fnMap":{"0":{"name":"DetailPanel","decl":{"start":{"line":7,"column":9},"end":{"line":7,"column":23}},"loc":{"start":{"line":7,"column":23},"end":{"line":56,"column":null}},"line":7},"1":{"name":"(anonymous_1)","decl":{"start":{"line":15,"column":2},"end":{"line":15,"column":18}},"loc":{"start":{"line":15,"column":18},"end":{"line":28,"column":5}},"line":15},"2":{"name":"(anonymous_2)","decl":{"start":{"line":20,"column":7},"end":{"line":20,"column":13}},"loc":{"start":{"line":20,"column":22},"end":{"line":23,"column":7}},"line":20},"3":{"name":"(anonymous_3)","decl":{"start":{"line":24,"column":7},"end":{"line":24,"column":14}},"loc":{"start":{"line":24,"column":29},"end":{"line":27,"column":7}},"line":24},"4":{"name":"(anonymous_4)","decl":{"start":{"line":30,"column":8},"end":{"line":30,"column":28}},"loc":{"start":{"line":30,"column":28},"end":{"line":33,"column":null}},"line":30}},"branchMap":{"0":{"loc":{"start":{"line":16,"column":4},"end":{"line":16,"column":null}},"type":"if","locations":[{"start":{"line":16,"column":4},"end":{"line":16,"column":null}},{"start":{},"end":{}}],"line":16},"1":{"loc":{"start":{"line":35,"column":2},"end":{"line":35,"column":null}},"type":"if","locations":[{"start":{"line":35,"column":2},"end":{"line":35,"column":null}},{"start":{},"end":{}}],"line":35},"2":{"loc":{"start":{"line":42,"column":7},"end":{"line":42,"column":null}},"type":"binary-expr","locations":[{"start":{"line":42,"column":7},"end":{"line":42,"column":20}},{"start":{"line":42,"column":20},"end":{"line":42,"column":null}}],"line":42},"3":{"loc":{"start":{"line":43,"column":7},"end":{"line":43,"column":null}},"type":"binary-expr","locations":[{"start":{"line":43,"column":7},"end":{"line":43,"column":16}},{"start":{"line":43,"column":16},"end":{"line":43,"column":null}}],"line":43},"4":{"loc":{"start":{"line":44,"column":7},"end":{"line":52,"column":null}},"type":"binary-expr","locations":[{"start":{"line":44,"column":7},"end":{"line":44,"column":18}},{"start":{"line":44,"column":18},"end":{"line":44,"column":null}},{"start":{"line":45,"column":8},"end":{"line":52,"column":null}}],"line":44}},"s":{"0":15,"1":15,"2":15,"3":15,"4":15,"5":15,"6":7,"7":2,"8":5,"9":5,"10":5,"11":4,"12":4,"13":1,"14":1,"15":15,"16":1,"17":1,"18":15,"19":2,"20":13},"f":{"0":15,"1":7,"2":4,"3":1,"4":1},"b":{"0":[2,5],"1":[2,13],"2":[13,5],"3":[15,1],"4":[15,2,2]},"meta":{"lastBranch":5,"lastFunction":5,"lastStatement":21,"seen":{"f:7:9:7:23":0,"s:8:42:8:58":0,"s:9:32:9:Infinity":1,"s:10:36:10:Infinity":2,"s:11:28:11:Infinity":3,"s:13:20:13:Infinity":4,"s:15:2:28:Infinity":5,"f:15:2:15:18":1,"b:16:4:16:Infinity:undefined:undefined:undefined:undefined":0,"s:16:4:16:Infinity":6,"s:16:20:16:Infinity":7,"s:17:4:17:Infinity":8,"s:18:4:18:Infinity":9,"s:19:4:27:Infinity":10,"f:20:7:20:13":2,"s:21:8:21:Infinity":11,"s:22:8:22:Infinity":12,"f:24:7:24:14":3,"s:25:8:25:Infinity":13,"s:26:8:26:Infinity":14,"s:30:8:33:Infinity":15,"f:30:8:30:28":4,"s:31:4:31:Infinity":16,"s:32:4:32:Infinity":17,"b:35:2:35:Infinity:undefined:undefined:undefined:undefined":1,"s:35:2:35:Infinity":18,"s:35:18:35:Infinity":19,"s:37:2:54:Infinity":20,"b:42:7:42:20:42:20:42:Infinity":2,"b:43:7:43:16:43:16:43:Infinity":3,"b:44:7:44:18:44:18:44:Infinity:45:8:52:Infinity":4},"fnNames":{}}}
,"/Users/islomboynazarov/Desktop/epam-short-track-tasks/class-components/src/components/ErrorBoundary.tsx": {"path":"/Users/islomboynazarov/Desktop/epam-short-track-tasks/class-components/src/components/ErrorBoundary.tsx","statementMap":{"0":{"start":{"line":14,"column":4},"end":{"line":14,"column":null}},"1":{"start":{"line":15,"column":4},"end":{"line":15,"column":null}},"2":{"start":{"line":19,"column":4},"end":{"line":19,"column":null}},"3":{"start":{"line":23,"column":4},"end":{"line":23,"column":null}},"4":{"start":{"line":27,"column":4},"end":{"line":34,"column":null}},"5":{"start":{"line":28,"column":6},"end":{"line":32,"column":null}},"6":{"start":{"line":35,"column":4},"end":{"line":35,"column":null}}},"fnMap":{"0":{"name":"constructor","decl":{"start":{"line":13,"column":2},"end":{"line":13,"column":14}},"loc":{"start":{"line":13,"column":41},"end":{"line":16,"column":null}},"line":13},"1":{"name":"getDerivedStateFromError","decl":{"start":{"line":18,"column":9},"end":{"line":18,"column":34}},"loc":{"start":{"line":18,"column":68},"end":{"line":20,"column":null}},"line":18},"2":{"name":"componentDidCatch","decl":{"start":{"line":22,"column":2},"end":{"line":22,"column":20}},"loc":{"start":{"line":22,"column":63},"end":{"line":24,"column":null}},"line":22},"3":{"name":"render","decl":{"start":{"line":26,"column":2},"end":{"line":26,"column":11}},"loc":{"start":{"line":26,"column":11},"end":{"line":36,"column":null}},"line":26}},"branchMap":{"0":{"loc":{"start":{"line":27,"column":4},"end":{"line":34,"column":null}},"type":"if","locations":[{"start":{"line":27,"column":4},"end":{"line":34,"column":null}},{"start":{},"end":{}}],"line":27}},"s":{"0":16,"1":16,"2":6,"3":3,"4":21,"5":6,"6":15},"f":{"0":16,"1":2,"2":3,"3":21},"b":{"0":[6,15]},"meta":{"lastBranch":1,"lastFunction":4,"lastStatement":7,"seen":{"f:13:2:13:14":0,"s:14:4:14:Infinity":0,"s:15:4:15:Infinity":1,"f:18:9:18:34":1,"s:19:4:19:Infinity":2,"f:22:2:22:20":2,"s:23:4:23:Infinity":3,"f:26:2:26:11":3,"b:27:4:34:Infinity:undefined:undefined:undefined:undefined":0,"s:27:4:34:Infinity":4,"s:28:6:32:Infinity":5,"s:35:4:35:Infinity":6},"fnNames":{}}}
,"/Users/islomboynazarov/Desktop/epam-short-track-tasks/class-components/src/components/ErrorButton.tsx": {"path":"/Users/islomboynazarov/Desktop/epam-short-track-tasks/class-components/src/components/ErrorButton.tsx","statementMap":{"0":{"start":{"line":13,"column":2},"end":{"line":15,"column":null}},"1":{"start":{"line":9,"column":4},"end":{"line":9,"column":null}},"2":{"start":{"line":10,"column":4},"end":{"line":10,"column":null}},"3":{"start":{"line":14,"column":4},"end":{"line":14,"column":null}},"4":{"start":{"line":18,"column":4},"end":{"line":20,"column":null}},"5":{"start":{"line":19,"column":6},"end":{"line":19,"column":null}},"6":{"start":{"line":21,"column":4},"end":{"line":38,"column":null}}},"fnMap":{"0":{"name":"constructor","decl":{"start":{"line":8,"column":2},"end":{"line":8,"column":14}},"loc":{"start":{"line":8,"column":29},"end":{"line":11,"column":null}},"line":8},"1":{"name":"(anonymous_1)","decl":{"start":{"line":13,"column":2},"end":{"line":13,"column":22}},"loc":{"start":{"line":13,"column":22},"end":{"line":15,"column":null}},"line":13},"2":{"name":"render","decl":{"start":{"line":17,"column":2},"end":{"line":17,"column":11}},"loc":{"start":{"line":17,"column":11},"end":{"line":40,"column":null}},"line":17}},"branchMap":{"0":{"loc":{"start":{"line":18,"column":4},"end":{"line":20,"column":null}},"type":"if","locations":[{"start":{"line":18,"column":4},"end":{"line":20,"column":null}},{"start":{},"end":{}}],"line":18}},"s":{"0":1,"1":11,"2":11,"3":1,"4":12,"5":2,"6":10},"f":{"0":11,"1":1,"2":12},"b":{"0":[2,10]},"meta":{"lastBranch":1,"lastFunction":3,"lastStatement":7,"seen":{"s:13:2:15:Infinity":0,"f:8:2:8:14":0,"s:9:4:9:Infinity":1,"s:10:4:10:Infinity":2,"f:13:2:13:22":1,"s:14:4:14:Infinity":3,"f:17:2:17:11":2,"b:18:4:20:Infinity:undefined:undefined:undefined:undefined":0,"s:18:4:20:Infinity":4,"s:19:6:19:Infinity":5,"s:21:4:38:Infinity":6},"fnNames":{}}}
,"/Users/islomboynazarov/Desktop/epam-short-track-tasks/class-components/src/components/Flyout.tsx": {"path":"/Users/islomboynazarov/Desktop/epam-short-track-tasks/class-components/src/components/Flyout.tsx","statementMap":{"0":{"start":{"line":4,"column":41},"end":{"line":4,"column":58}},"1":{"start":{"line":6,"column":8},"end":{"line":21,"column":null}},"2":{"start":{"line":7,"column":20},"end":{"line":7,"column":null}},"3":{"start":{"line":8,"column":17},"end":{"line":12,"column":null}},"4":{"start":{"line":8,"column":42},"end":{"line":12,"column":5}},"5":{"start":{"line":13,"column":16},"end":{"line":13,"column":null}},"6":{"start":{"line":13,"column":48},"end":{"line":13,"column":61}},"7":{"start":{"line":14,"column":17},"end":{"line":14,"column":null}},"8":{"start":{"line":15,"column":16},"end":{"line":15,"column":null}},"9":{"start":{"line":16,"column":14},"end":{"line":16,"column":null}},"10":{"start":{"line":17,"column":4},"end":{"line":17,"column":null}},"11":{"start":{"line":18,"column":4},"end":{"line":18,"column":null}},"12":{"start":{"line":19,"column":4},"end":{"line":19,"column":null}},"13":{"start":{"line":20,"column":4},"end":{"line":20,"column":null}},"14":{"start":{"line":23,"column":2},"end":{"line":23,"column":null}},"15":{"start":{"line":23,"column":34},"end":{"line":23,"column":null}},"16":{"start":{"line":25,"column":2},"end":{"line":56,"column":null}}},"fnMap":{"0":{"name":"Flyout","decl":{"start":{"line":3,"column":9},"end":{"line":3,"column":18}},"loc":{"start":{"line":3,"column":18},"end":{"line":58,"column":null}},"line":3},"1":{"name":"(anonymous_1)","decl":{"start":{"line":6,"column":8},"end":{"line":6,"column":31}},"loc":{"start":{"line":6,"column":31},"end":{"line":21,"column":null}},"line":6},"2":{"name":"(anonymous_2)","decl":{"start":{"line":8,"column":31},"end":{"line":8,"column":36}},"loc":{"start":{"line":8,"column":42},"end":{"line":12,"column":5}},"line":8},"3":{"name":"(anonymous_3)","decl":{"start":{"line":13,"column":35},"end":{"line":13,"column":40}},"loc":{"start":{"line":13,"column":48},"end":{"line":13,"column":61}},"line":13}},"branchMap":{"0":{"loc":{"start":{"line":23,"column":2},"end":{"line":23,"column":null}},"type":"if","locations":[{"start":{"line":23,"column":2},"end":{"line":23,"column":null}},{"start":{},"end":{}}],"line":23}},"s":{"0":15,"1":15,"2":1,"3":1,"4":1,"5":1,"6":2,"7":1,"8":1,"9":1,"10":1,"11":1,"12":1,"13":1,"14":15,"15":10,"16":5},"f":{"0":15,"1":1,"2":1,"3":2},"b":{"0":[10,5]},"meta":{"lastBranch":1,"lastFunction":4,"lastStatement":17,"seen":{"f:3:9:3:18":0,"s:4:41:4:58":0,"s:6:8:21:Infinity":1,"f:6:8:6:31":1,"s:7:20:7:Infinity":2,"s:8:17:12:Infinity":3,"f:8:31:8:36":2,"s:8:42:12:5":4,"s:13:16:13:Infinity":5,"f:13:35:13:40":3,"s:13:48:13:61":6,"s:14:17:14:Infinity":7,"s:15:16:15:Infinity":8,"s:16:14:16:Infinity":9,"s:17:4:17:Infinity":10,"s:18:4:18:Infinity":11,"s:19:4:19:Infinity":12,"s:20:4:20:Infinity":13,"b:23:2:23:Infinity:undefined:undefined:undefined:undefined":0,"s:23:2:23:Infinity":14,"s:23:34:23:Infinity":15,"s:25:2:56:Infinity":16},"fnNames":{}}}
,"/Users/islomboynazarov/Desktop/epam-short-track-tasks/class-components/src/components/Navigation.tsx": {"path":"/Users/islomboynazarov/Desktop/epam-short-track-tasks/class-components/src/components/Navigation.tsx","statementMap":{"0":{"start":{"line":18,"column":33},"end":{"line":18,"column":42}},"1":{"start":{"line":20,"column":2},"end":{"line":38,"column":null}}},"fnMap":{"0":{"name":"Navigation","decl":{"start":{"line":17,"column":9},"end":{"line":17,"column":22}},"loc":{"start":{"line":17,"column":22},"end":{"line":40,"column":null}},"line":17}},"branchMap":{"0":{"loc":{"start":{"line":36,"column":9},"end":{"line":36,"column":null}},"type":"cond-expr","locations":[{"start":{"line":36,"column":29},"end":{"line":36,"column":41}},{"start":{"line":36,"column":41},"end":{"line":36,"column":null}}],"line":36}},"s":{"0":8,"1":8},"f":{"0":8},"b":{"0":[8,0]},"meta":{"lastBranch":1,"lastFunction":1,"lastStatement":2,"seen":{"f:17:9:17:22":0,"s:18:33:18:42":0,"s:20:2:38:Infinity":1,"b:36:29:36:41:36:41:36:Infinity":0},"fnNames":{}}}
,"/Users/islomboynazarov/Desktop/epam-short-track-tasks/class-components/src/components/Pagination.tsx": {"path":"/Users/islomboynazarov/Desktop/epam-short-track-tasks/class-components/src/components/Pagination.tsx","statementMap":{"0":{"start":{"line":8,"column":2},"end":{"line":27,"column":null}},"1":{"start":{"line":11,"column":23},"end":{"line":11,"column":null}},"2":{"start":{"line":21,"column":23},"end":{"line":21,"column":null}}},"fnMap":{"0":{"name":"Pagination","decl":{"start":{"line":7,"column":9},"end":{"line":7,"column":20}},"loc":{"start":{"line":7,"column":81},"end":{"line":29,"column":null}},"line":7},"1":{"name":"(anonymous_1)","decl":{"start":{"line":11,"column":8},"end":{"line":11,"column":23}},"loc":{"start":{"line":11,"column":23},"end":{"line":11,"column":null}},"line":11},"2":{"name":"(anonymous_2)","decl":{"start":{"line":21,"column":8},"end":{"line":21,"column":23}},"loc":{"start":{"line":21,"column":23},"end":{"line":21,"column":null}},"line":21}},"branchMap":{},"s":{"0":20,"1":1,"2":1},"f":{"0":20,"1":1,"2":1},"b":{},"meta":{"lastBranch":0,"lastFunction":3,"lastStatement":3,"seen":{"f:7:9:7:20":0,"s:8:2:27:Infinity":0,"f:11:8:11:23":1,"s:11:23:11:Infinity":1,"f:21:8:21:23":2,"s:21:23:21:Infinity":2},"fnNames":{}}}
,"/Users/islomboynazarov/Desktop/epam-short-track-tasks/class-components/src/components/Search.tsx": {"path":"/Users/islomboynazarov/Desktop/epam-short-track-tasks/class-components/src/components/Search.tsx","statementMap":{"0":{"start":{"line":60,"column":38},"end":{"line":60,"column":null}},"1":{"start":{"line":62,"column":8},"end":{"line":65,"column":null}},"2":{"start":{"line":63,"column":20},"end":{"line":63,"column":null}},"3":{"start":{"line":64,"column":4},"end":{"line":64,"column":null}},"4":{"start":{"line":67,"column":2},"end":{"line":82,"column":null}},"5":{"start":{"line":72,"column":25},"end":{"line":72,"column":null}}},"fnMap":{"0":{"name":"Search","decl":{"start":{"line":59,"column":9},"end":{"line":59,"column":16}},"loc":{"start":{"line":59,"column":57},"end":{"line":84,"column":null}},"line":59},"1":{"name":"(anonymous_1)","decl":{"start":{"line":62,"column":8},"end":{"line":62,"column":29}},"loc":{"start":{"line":62,"column":29},"end":{"line":65,"column":null}},"line":62},"2":{"name":"(anonymous_2)","decl":{"start":{"line":72,"column":8},"end":{"line":72,"column":19}},"loc":{"start":{"line":72,"column":25},"end":{"line":72,"column":null}},"line":72}},"branchMap":{},"s":{"0":59,"1":59,"2":4,"3":4,"4":59,"5":28},"f":{"0":59,"1":4,"2":28},"b":{},"meta":{"lastBranch":0,"lastFunction":3,"lastStatement":6,"seen":{"f:59:9:59:16":0,"s:60:38:60:Infinity":0,"s:62:8:65:Infinity":1,"f:62:8:62:29":1,"s:63:20:63:Infinity":2,"s:64:4:64:Infinity":3,"s:67:2:82:Infinity":4,"f:72:8:72:19":2,"s:72:25:72:Infinity":5},"fnNames":{}}}
,"/Users/islomboynazarov/Desktop/epam-short-track-tasks/class-components/src/components/Spinner.tsx": {"path":"/Users/islomboynazarov/Desktop/epam-short-track-tasks/class-components/src/components/Spinner.tsx","statementMap":{"0":{"start":{"line":16,"column":2},"end":{"line":19,"column":null}}},"fnMap":{"0":{"name":"Spinner","decl":{"start":{"line":15,"column":9},"end":{"line":15,"column":19}},"loc":{"start":{"line":15,"column":19},"end":{"line":21,"column":null}},"line":15}},"branchMap":{},"s":{"0":16},"f":{"0":16},"b":{},"meta":{"lastBranch":0,"lastFunction":1,"lastStatement":1,"seen":{"f:15:9:15:19":0,"s:16:2:19:Infinity":0},"fnNames":{}}}
,"/Users/islomboynazarov/Desktop/epam-short-track-tasks/class-components/src/context/ThemeContext.tsx": {"path":"/Users/islomboynazarov/Desktop/epam-short-track-tasks/class-components/src/context/ThemeContext.tsx","statementMap":{"0":{"start":{"line":8,"column":21},"end":{"line":11,"column":null}},"1":{"start":{"line":14,"column":28},"end":{"line":14,"column":null}},"2":{"start":{"line":16,"column":8},"end":{"line":18,"column":null}},"3":{"start":{"line":17,"column":4},"end":{"line":17,"column":null}},"4":{"start":{"line":17,"column":24},"end":{"line":17,"column":60}},"5":{"start":{"line":20,"column":2},"end":{"line":31,"column":null}},"6":{"start":{"line":36,"column":2},"end":{"line":36,"column":null}}},"fnMap":{"0":{"name":"(anonymous_0)","decl":{"start":{"line":10,"column":2},"end":{"line":10,"column":21}},"loc":{"start":{"line":10,"column":21},"end":{"line":10,"column":null}},"line":10},"1":{"name":"ThemeProvider","decl":{"start":{"line":13,"column":16},"end":{"line":13,"column":30}},"loc":{"start":{"line":13,"column":75},"end":{"line":33,"column":null}},"line":13},"2":{"name":"(anonymous_2)","decl":{"start":{"line":16,"column":8},"end":{"line":16,"column":28}},"loc":{"start":{"line":16,"column":28},"end":{"line":18,"column":null}},"line":16},"3":{"name":"(anonymous_3)","decl":{"start":{"line":17,"column":4},"end":{"line":17,"column":14}},"loc":{"start":{"line":17,"column":24},"end":{"line":17,"column":60}},"line":17},"4":{"name":"useTheme","decl":{"start":{"line":35,"column":16},"end":{"line":35,"column":27}},"loc":{"start":{"line":35,"column":27},"end":{"line":37,"column":null}},"line":35}},"branchMap":{"0":{"loc":{"start":{"line":17,"column":24},"end":{"line":17,"column":60}},"type":"cond-expr","locations":[{"start":{"line":17,"column":43},"end":{"line":17,"column":52}},{"start":{"line":17,"column":52},"end":{"line":17,"column":60}}],"line":17},"1":{"loc":{"start":{"line":25,"column":27},"end":{"line":25,"column":null}},"type":"cond-expr","locations":[{"start":{"line":25,"column":47},"end":{"line":25,"column":59}},{"start":{"line":25,"column":59},"end":{"line":25,"column":null}}],"line":25},"2":{"loc":{"start":{"line":26,"column":17},"end":{"line":26,"column":null}},"type":"cond-expr","locations":[{"start":{"line":26,"column":37},"end":{"line":26,"column":49}},{"start":{"line":26,"column":49},"end":{"line":26,"column":null}}],"line":26}},"s":{"0":2,"1":14,"2":14,"3":3,"4":3,"5":14,"6":14},"f":{"0":0,"1":14,"2":3,"3":3,"4":14},"b":{"0":[2,1],"1":[12,2],"2":[12,2]},"meta":{"lastBranch":3,"lastFunction":5,"lastStatement":7,"seen":{"s:8:21:11:Infinity":0,"f:10:2:10:21":0,"f:13:16:13:30":1,"s:14:28:14:Infinity":1,"s:16:8:18:Infinity":2,"f:16:8:16:28":2,"s:17:4:17:Infinity":3,"f:17:4:17:14":3,"s:17:24:17:60":4,"b:17:43:17:52:17:52:17:60":0,"s:20:2:31:Infinity":5,"b:25:47:25:59:25:59:25:Infinity":1,"b:26:37:26:49:26:49:26:Infinity":2,"f:35:16:35:27":4,"s:36:2:36:Infinity":6},"fnNames":{}}}
,"/Users/islomboynazarov/Desktop/epam-short-track-tasks/class-components/src/hooks/useLocalStorage.ts": {"path":"/Users/islomboynazarov/Desktop/epam-short-track-tasks/class-components/src/hooks/useLocalStorage.ts","statementMap":{"0":{"start":{"line":4,"column":40},"end":{"line":6,"column":null}},"1":{"start":{"line":5,"column":4},"end":{"line":5,"column":null}},"2":{"start":{"line":8,"column":8},"end":{"line":11,"column":null}},"3":{"start":{"line":9,"column":4},"end":{"line":9,"column":null}},"4":{"start":{"line":10,"column":4},"end":{"line":10,"column":null}},"5":{"start":{"line":13,"column":2},"end":{"line":13,"column":null}}},"fnMap":{"0":{"name":"useLocalStorage","decl":{"start":{"line":3,"column":9},"end":{"line":3,"column":25}},"loc":{"start":{"line":3,"column":95},"end":{"line":14,"column":null}},"line":3},"1":{"name":"(anonymous_1)","decl":{"start":{"line":4,"column":40},"end":{"line":4,"column":63}},"loc":{"start":{"line":4,"column":63},"end":{"line":6,"column":3}},"line":4},"2":{"name":"(anonymous_2)","decl":{"start":{"line":8,"column":8},"end":{"line":8,"column":20}},"loc":{"start":{"line":8,"column":38},"end":{"line":11,"column":null}},"line":8}},"branchMap":{"0":{"loc":{"start":{"line":5,"column":11},"end":{"line":5,"column":null}},"type":"binary-expr","locations":[{"start":{"line":5,"column":11},"end":{"line":5,"column":40}},{"start":{"line":5,"column":40},"end":{"line":5,"column":null}}],"line":5}},"s":{"0":25,"1":8,"2":25,"3":1,"4":1,"5":25},"f":{"0":25,"1":8,"2":1},"b":{"0":[8,6]},"meta":{"lastBranch":1,"lastFunction":3,"lastStatement":6,"seen":{"f:3:9:3:25":0,"s:4:40:6:Infinity":0,"f:4:40:4:63":1,"s:5:4:5:Infinity":1,"b:5:11:5:40:5:40:5:Infinity":0,"s:8:8:11:Infinity":2,"f:8:8:8:20":2,"s:9:4:9:Infinity":3,"s:10:4:10:Infinity":4,"s:13:2:13:Infinity":5},"fnNames":{}}}
,"/Users/islomboynazarov/Desktop/epam-short-track-tasks/class-components/src/pages/AboutPage.tsx": {"path":"/Users/islomboynazarov/Desktop/epam-short-track-tasks/class-components/src/pages/AboutPage.tsx","statementMap":{"0":{"start":{"line":2,"column":2},"end":{"line":12,"column":null}}},"fnMap":{"0":{"name":"AboutPage","decl":{"start":{"line":1,"column":9},"end":{"line":1,"column":21}},"loc":{"start":{"line":1,"column":21},"end":{"line":14,"column":null}},"line":1}},"branchMap":{},"s":{"0":3},"f":{"0":3},"b":{},"meta":{"lastBranch":0,"lastFunction":1,"lastStatement":1,"seen":{"f:1:9:1:21":0,"s:2:2:12:Infinity":0},"fnNames":{}}}
,"/Users/islomboynazarov/Desktop/epam-short-track-tasks/class-components/src/pages/MainPage.tsx": {"path":"/Users/islomboynazarov/Desktop/epam-short-track-tasks/class-components/src/pages/MainPage.tsx","statementMap":{"0":{"start":{"line":13,"column":42},"end":{"line":13,"column":58}},"1":{"start":{"line":14,"column":34},"end":{"line":14,"column":null}},"2":{"start":{"line":15,"column":36},"end":{"line":15,"column":null}},"3":{"start":{"line":16,"column":28},"end":{"line":16,"column":null}},"4":{"start":{"line":17,"column":40},"end":{"line":17,"column":null}},"5":{"start":{"line":18,"column":38},"end":{"line":18,"column":null}},"6":{"start":{"line":20,"column":22},"end":{"line":20,"column":null}},"7":{"start":{"line":21,"column":20},"end":{"line":21,"column":null}},"8":{"start":{"line":23,"column":2},"end":{"line":25,"column":null}},"9":{"start":{"line":24,"column":4},"end":{"line":24,"column":null}},"10":{"start":{"line":27,"column":20},"end":{"line":55,"column":null}},"11":{"start":{"line":28,"column":4},"end":{"line":28,"column":null}},"12":{"start":{"line":29,"column":4},"end":{"line":29,"column":null}},"13":{"start":{"line":30,"column":4},"end":{"line":54,"column":null}},"14":{"start":{"line":31,"column":6},"end":{"line":48,"column":null}},"15":{"start":{"line":32,"column":24},"end":{"line":32,"column":null}},"16":{"start":{"line":33,"column":8},"end":{"line":33,"column":null}},"17":{"start":{"line":34,"column":8},"end":{"line":34,"column":null}},"18":{"start":{"line":36,"column":22},"end":{"line":36,"column":null}},"19":{"start":{"line":37,"column":14},"end":{"line":37,"column":null}},"20":{"start":{"line":38,"column":25},"end":{"line":40,"column":null}},"21":{"start":{"line":41,"column":8},"end":{"line":41,"column":null}},"22":{"start":{"line":41,"column":26},"end":{"line":41,"column":null}},"23":{"start":{"line":42,"column":21},"end":{"line":42,"column":null}},"24":{"start":{"line":43,"column":8},"end":{"line":43,"column":null}},"25":{"start":{"line":44,"column":24},"end":{"line":46,"column":null}},"26":{"start":{"line":45,"column":52},"end":{"line":45,"column":78}},"27":{"start":{"line":47,"column":8},"end":{"line":47,"column":null}},"28":{"start":{"line":50,"column":22},"end":{"line":50,"column":null}},"29":{"start":{"line":51,"column":6},"end":{"line":51,"column":null}},"30":{"start":{"line":53,"column":6},"end":{"line":53,"column":null}},"31":{"start":{"line":57,"column":8},"end":{"line":61,"column":null}},"32":{"start":{"line":58,"column":4},"end":{"line":58,"column":null}},"33":{"start":{"line":58,"column":29},"end":{"line":58,"column":null}},"34":{"start":{"line":59,"column":4},"end":{"line":59,"column":null}},"35":{"start":{"line":60,"column":4},"end":{"line":60,"column":null}},"36":{"start":{"line":63,"column":8},"end":{"line":67,"column":null}},"37":{"start":{"line":64,"column":43},"end":{"line":64,"column":null}},"38":{"start":{"line":65,"column":4},"end":{"line":65,"column":null}},"39":{"start":{"line":65,"column":19},"end":{"line":65,"column":null}},"40":{"start":{"line":66,"column":4},"end":{"line":66,"column":null}},"41":{"start":{"line":69,"column":8},"end":{"line":71,"column":null}},"42":{"start":{"line":70,"column":4},"end":{"line":70,"column":null}},"43":{"start":{"line":73,"column":2},"end":{"line":91,"column":null}}},"fnMap":{"0":{"name":"MainPage","decl":{"start":{"line":12,"column":9},"end":{"line":12,"column":20}},"loc":{"start":{"line":12,"column":20},"end":{"line":93,"column":null}},"line":12},"1":{"name":"(anonymous_1)","decl":{"start":{"line":23,"column":2},"end":{"line":23,"column":18}},"loc":{"start":{"line":23,"column":18},"end":{"line":25,"column":5}},"line":23},"2":{"name":"(anonymous_2)","decl":{"start":{"line":27,"column":20},"end":{"line":27,"column":27}},"loc":{"start":{"line":27,"column":58},"end":{"line":55,"column":null}},"line":27},"3":{"name":"(anonymous_3)","decl":{"start":{"line":45,"column":23},"end":{"line":45,"column":28}},"loc":{"start":{"line":45,"column":52},"end":{"line":45,"column":78}},"line":45},"4":{"name":"(anonymous_4)","decl":{"start":{"line":57,"column":8},"end":{"line":57,"column":24}},"loc":{"start":{"line":57,"column":41},"end":{"line":61,"column":null}},"line":57},"5":{"name":"(anonymous_5)","decl":{"start":{"line":63,"column":8},"end":{"line":63,"column":28}},"loc":{"start":{"line":63,"column":45},"end":{"line":67,"column":null}},"line":63},"6":{"name":"(anonymous_6)","decl":{"start":{"line":69,"column":8},"end":{"line":69,"column":27}},"loc":{"start":{"line":69,"column":42},"end":{"line":71,"column":null}},"line":69}},"branchMap":{"0":{"loc":{"start":{"line":20,"column":29},"end":{"line":20,"column":60}},"type":"binary-expr","locations":[{"start":{"line":20,"column":29},"end":{"line":20,"column":57}},{"start":{"line":20,"column":57},"end":{"line":20,"column":60}}],"line":20},"1":{"loc":{"start":{"line":31,"column":6},"end":{"line":48,"column":null}},"type":"if","locations":[{"start":{"line":31,"column":6},"end":{"line":48,"column":null}},{"start":{"line":35,"column":13},"end":{"line":48,"column":null}}],"line":31},"2":{"loc":{"start":{"line":41,"column":8},"end":{"line":41,"column":null}},"type":"if","locations":[{"start":{"line":41,"column":8},"end":{"line":41,"column":null}},{"start":{},"end":{}}],"line":41},"3":{"loc":{"start":{"line":50,"column":22},"end":{"line":50,"column":null}},"type":"cond-expr","locations":[{"start":{"line":50,"column":45},"end":{"line":50,"column":59}},{"start":{"line":50,"column":59},"end":{"line":50,"column":null}}],"line":50},"4":{"loc":{"start":{"line":58,"column":4},"end":{"line":58,"column":null}},"type":"if","locations":[{"start":{"line":58,"column":4},"end":{"line":58,"column":null}},{"start":{},"end":{}}],"line":58},"5":{"loc":{"start":{"line":65,"column":4},"end":{"line":65,"column":null}},"type":"if","locations":[{"start":{"line":65,"column":4},"end":{"line":65,"column":null}},{"start":{},"end":{}}],"line":65},"6":{"loc":{"start":{"line":77,"column":9},"end":{"line":77,"column":null}},"type":"binary-expr","locations":[{"start":{"line":77,"column":9},"end":{"line":77,"column":22}},{"start":{"line":77,"column":22},"end":{"line":77,"column":null}}],"line":77},"7":{"loc":{"start":{"line":78,"column":9},"end":{"line":78,"column":null}},"type":"binary-expr","locations":[{"start":{"line":78,"column":9},"end":{"line":78,"column":18}},{"start":{"line":78,"column":18},"end":{"line":78,"column":null}}],"line":78},"8":{"loc":{"start":{"line":79,"column":9},"end":{"line":87,"column":null}},"type":"binary-expr","locations":[{"start":{"line":79,"column":9},"end":{"line":79,"column":23}},{"start":{"line":79,"column":23},"end":{"line":79,"column":null}},{"start":{"line":80,"column":10},"end":{"line":87,"column":null}}],"line":79},"9":{"loc":{"start":{"line":90,"column":7},"end":{"line":91,"column":null}},"type":"binary-expr","locations":[{"start":{"line":90,"column":7},"end":{"line":90,"column":20}},{"start":{"line":90,"column":20},"end":{"line":91,"column":null}}],"line":90}},"s":{"0":25,"1":25,"2":25,"3":25,"4":25,"5":25,"6":25,"7":25,"8":25,"9":9,"10":25,"11":9,"12":9,"13":9,"14":9,"15":3,"16":3,"17":3,"18":6,"19":6,"20":6,"21":6,"22":1,"23":5,"24":5,"25":5,"26":5,"27":5,"28":1,"29":1,"30":9,"31":25,"32":2,"33":1,"34":1,"35":1,"36":25,"37":0,"38":0,"39":0,"40":0,"41":25,"42":0,"43":25},"f":{"0":25,"1":9,"2":9,"3":5,"4":2,"5":0,"6":0},"b":{"0":[25,20],"1":[3,6],"2":[1,5],"3":[1,0],"4":[1,1],"5":[0,0],"6":[25,10],"7":[25,1],"8":[25,15,14],"9":[25,0]},"meta":{"lastBranch":10,"lastFunction":7,"lastStatement":44,"seen":{"f:12:9:12:20":0,"s:13:42:13:58":0,"s:14:34:14:Infinity":1,"s:15:36:15:Infinity":2,"s:16:28:16:Infinity":3,"s:17:40:17:Infinity":4,"s:18:38:18:Infinity":5,"s:20:22:20:Infinity":6,"b:20:29:20:57:20:57:20:60":0,"s:21:20:21:Infinity":7,"s:23:2:25:Infinity":8,"f:23:2:23:18":1,"s:24:4:24:Infinity":9,"s:27:20:55:Infinity":10,"f:27:20:27:27":2,"s:28:4:28:Infinity":11,"s:29:4:29:Infinity":12,"s:30:4:54:Infinity":13,"b:31:6:48:Infinity:35:13:48:Infinity":1,"s:31:6:48:Infinity":14,"s:32:24:32:Infinity":15,"s:33:8:33:Infinity":16,"s:34:8:34:Infinity":17,"s:36:22:36:Infinity":18,"s:37:14:37:Infinity":19,"s:38:25:40:Infinity":20,"b:41:8:41:Infinity:undefined:undefined:undefined:undefined":2,"s:41:8:41:Infinity":21,"s:41:26:41:Infinity":22,"s:42:21:42:Infinity":23,"s:43:8:43:Infinity":24,"s:44:24:46:Infinity":25,"f:45:23:45:28":3,"s:45:52:45:78":26,"s:47:8:47:Infinity":27,"s:50:22:50:Infinity":28,"b:50:45:50:59:50:59:50:Infinity":3,"s:51:6:51:Infinity":29,"s:53:6:53:Infinity":30,"s:57:8:61:Infinity":31,"f:57:8:57:24":4,"b:58:4:58:Infinity:undefined:undefined:undefined:undefined":4,"s:58:4:58:Infinity":32,"s:58:29:58:Infinity":33,"s:59:4:59:Infinity":34,"s:60:4:60:Infinity":35,"s:63:8:67:Infinity":36,"f:63:8:63:28":5,"s:64:43:64:Infinity":37,"b:65:4:65:Infinity:undefined:undefined:undefined:undefined":5,"s:65:4:65:Infinity":38,"s:65:19:65:Infinity":39,"s:66:4:66:Infinity":40,"s:69:8:71:Infinity":41,"f:69:8:69:27":6,"s:70:4:70:Infinity":42,"s:73:2:91:Infinity":43,"b:77:9:77:22:77:22:77:Infinity":6,"b:78:9:78:18:78:18:78:Infinity":7,"b:79:9:79:23:79:23:79:Infinity:80:10:87:Infinity":8,"b:90:7:90:20:90:20:91:Infinity":9},"fnNames":{}}}
,"/Users/islomboynazarov/Desktop/epam-short-track-tasks/class-components/src/pages/NotFoundPage.tsx": {"path":"/Users/islomboynazarov/Desktop/epam-short-track-tasks/class-components/src/pages/NotFoundPage.tsx","statementMap":{"0":{"start":{"line":4,"column":2},"end":{"line":9,"column":null}}},"fnMap":{"0":{"name":"NotFoundPage","decl":{"start":{"line":3,"column":9},"end":{"line":3,"column":24}},"loc":{"start":{"line":3,"column":24},"end":{"line":11,"column":null}},"line":3}},"branchMap":{},"s":{"0":3},"f":{"0":3},"b":{},"meta":{"lastBranch":0,"lastFunction":1,"lastStatement":1,"seen":{"f:3:9:3:24":0,"s:4:2:9:Infinity":0},"fnNames":{}}}
,"/Users/islomboynazarov/Desktop/epam-short-track-tasks/class-components/src/store/selectedStore.ts": {"path":"/Users/islomboynazarov/Desktop/epam-short-track-tasks/class-components/src/store/selectedStore.ts","statementMap":{"0":{"start":{"line":10,"column":25},"end":{"line":23,"column":null}},"1":{"start":{"line":10,"column":57},"end":{"line":23,"column":2}},"2":{"start":{"line":13,"column":4},"end":{"line":21,"column":null}},"3":{"start":{"line":14,"column":21},"end":{"line":14,"column":null}},"4":{"start":{"line":14,"column":53},"end":{"line":14,"column":72}},"5":{"start":{"line":15,"column":6},"end":{"line":19,"column":null}},"6":{"start":{"line":16,"column":8},"end":{"line":18,"column":null}},"7":{"start":{"line":17,"column":59},"end":{"line":17,"column":78}},"8":{"start":{"line":20,"column":6},"end":{"line":20,"column":null}},"9":{"start":{"line":22,"column":21},"end":{"line":22,"column":null}}},"fnMap":{"0":{"name":"(anonymous_0)","decl":{"start":{"line":10,"column":25},"end":{"line":10,"column":48}},"loc":{"start":{"line":10,"column":57},"end":{"line":23,"column":2}},"line":10},"1":{"name":"(anonymous_1)","decl":{"start":{"line":12,"column":2},"end":{"line":12,"column":15}},"loc":{"start":{"line":13,"column":4},"end":{"line":21,"column":null}},"line":13},"2":{"name":"(anonymous_2)","decl":{"start":{"line":13,"column":4},"end":{"line":13,"column":9}},"loc":{"start":{"line":13,"column":19},"end":{"line":21,"column":5}},"line":13},"3":{"name":"(anonymous_3)","decl":{"start":{"line":14,"column":41},"end":{"line":14,"column":47}},"loc":{"start":{"line":14,"column":53},"end":{"line":14,"column":72}},"line":14},"4":{"name":"(anonymous_4)","decl":{"start":{"line":17,"column":45},"end":{"line":17,"column":53}},"loc":{"start":{"line":17,"column":59},"end":{"line":17,"column":78}},"line":17},"5":{"name":"(anonymous_5)","decl":{"start":{"line":22,"column":2},"end":{"line":22,"column":21}},"loc":{"start":{"line":22,"column":21},"end":{"line":22,"column":null}},"line":22}},"branchMap":{"0":{"loc":{"start":{"line":15,"column":6},"end":{"line":19,"column":null}},"type":"if","locations":[{"start":{"line":15,"column":6},"end":{"line":19,"column":null}},{"start":{},"end":{}}],"line":15}},"s":{"0":5,"1":5,"2":8,"3":8,"4":3,"5":8,"6":1,"7":1,"8":7,"9":2},"f":{"0":5,"1":8,"2":8,"3":3,"4":1,"5":2},"b":{"0":[1,7]},"meta":{"lastBranch":1,"lastFunction":6,"lastStatement":10,"seen":{"s:10:25:23:Infinity":0,"f:10:25:10:48":0,"s:10:57:23:2":1,"f:12:2:12:15":1,"s:13:4:21:Infinity":2,"f:13:4:13:9":2,"s:14:21:14:Infinity":3,"f:14:41:14:47":3,"s:14:53:14:72":4,"b:15:6:19:Infinity:undefined:undefined:undefined:undefined":0,"s:15:6:19:Infinity":5,"s:16:8:18:Infinity":6,"f:17:45:17:53":4,"s:17:59:17:78":7,"s:20:6:20:Infinity":8,"f:22:2:22:21":5,"s:22:21:22:Infinity":9},"fnNames":{}}}
}
